{"level":"warn","message":"⚠️ Redis Connection Failed: connect ECONNREFUSED 127.0.0.1:6379. Using In-Memory fallback cache.","timestamp":"2026-06-20 00:47:16"}
{"level":"info","message":"✓ Primary MongoDB Connected: hunarmand-punjab-shard-00-00.7dbsn.mongodb.net","timestamp":"2026-06-20 00:47:18"}
{"level":"info","message":"✓ Server running on port 5001 in [production] mode","timestamp":"2026-06-20 00:47:18"}
{"level":"info","message":"✓ Master Database Connected (hunarmand-prd)","timestamp":"2026-06-20 00:47:18"}
{"level":"warn","message":"401 - Token is not valid - /api/dashboard/stats - GET - ::1","timestamp":"2026-06-20 00:50:05"}
{"level":"info","message":"GET /api/dashboard/stats 401 - 23ms - IP: ::1","timestamp":"2026-06-20 00:50:05"}
{"level":"warn","message":"401 - Token is not valid - /api/candidates?page=1&limit=50&search=&gender=All&city=All&preferredExamCity=All&district=All&tehsil=All&institute=All&batch=All&verification=All&course=All&startDate=&endDate=&sortBy=createdAt&sortOrder=desc&showDeleted=false - GET - ::1","timestamp":"2026-06-20 00:50:05"}
{"level":"info","message":"GET /api/candidates?page=1&limit=50&search=&gender=All&city=All&preferredExamCity=All&district=All&tehsil=All&institute=All&batch=All&verification=All&course=All&startDate=&endDate=&sortBy=createdAt&sortOrder=desc&showDeleted=false 401 - 5ms - IP: ::1","timestamp":"2026-06-20 00:50:05"}
{"level":"warn","message":"401 - Token is not valid - /api/candidates/export/jobs - GET - ::1","timestamp":"2026-06-20 00:50:06"}
{"level":"info","message":"GET /api/candidates/export/jobs 401 - 8ms - IP: ::1","timestamp":"2026-06-20 00:50:06"}
{"level":"warn","message":"⚠️ Redis Connection Failed: connect ECONNREFUSED 127.0.0.1:6379. Using In-Memory fallback cache.","timestamp":"2026-06-20 00:51:44"}
{"level":"info","message":"✓ Master Database Connected (hunarmand-prd)","timestamp":"2026-06-20 00:51:45"}
{"level":"info","message":"✓ Primary MongoDB Connected: hunarmand-punjab-shard-00-02.7dbsn.mongodb.net","timestamp":"2026-06-20 00:51:45"}
{"level":"info","message":"✓ Server running on port 5001 in [production] mode","timestamp":"2026-06-20 00:51:45"}
{"level":"info","message":"POST /api/login 200 - 336ms - IP: ::1","timestamp":"2026-06-20 00:52:03"}
{"level":"info","message":"GET /api/candidates?page=1&limit=50&search=&gender=All&city=All&preferredExamCity=All&district=All&tehsil=All&institute=All&batch=All&verification=All&course=All&startDate=&endDate=&sortBy=createdAt&sortOrder=desc&showDeleted=false 200 - 134ms - IP: ::1","timestamp":"2026-06-20 00:52:03"}
{"level":"info","message":"GET /api/candidates/export/jobs 200 - 323ms - IP: ::1","timestamp":"2026-06-20 00:52:04"}
{"level":"info","message":"GET /api/dashboard/stats 200 - 726ms - IP: ::1","timestamp":"2026-06-20 00:52:04"}
{"level":"warn","message":"⚠️ Redis Connection Failed: connect ECONNREFUSED 127.0.0.1:6379. Using In-Memory fallback cache.","timestamp":"2026-06-20 00:54:57"}
{"level":"info","message":"✓ Primary MongoDB Connected: hunarmand-punjab-shard-00-01.7dbsn.mongodb.net","timestamp":"2026-06-20 00:54:59"}
{"level":"info","message":"✓ Server running on port 5001 in [production] mode","timestamp":"2026-06-20 00:54:59"}
{"level":"info","message":"✓ Master Database Connected (hunarmand-prd)","timestamp":"2026-06-20 00:54:59"}
{"level":"warn","message":"⚠️ Redis Connection Failed: connect ECONNREFUSED 127.0.0.1:6379. Using In-Memory fallback cache.","timestamp":"2026-06-20 00:55:22"}
{"level":"info","message":"✓ Master Database Connected (hunarmand-prd)","timestamp":"2026-06-20 00:55:23"}
{"level":"info","message":"✓ Primary MongoDB Connected: hunarmand-punjab-shard-00-00.7dbsn.mongodb.net","timestamp":"2026-06-20 00:55:23"}
{"level":"info","message":"✓ Server running on port 5001 in [production] mode","timestamp":"2026-06-20 00:55:23"}
{"level":"warn","message":"⚠️ Redis Connection Failed: connect ECONNREFUSED 127.0.0.1:6379. Using In-Memory fallback cache.","timestamp":"2026-06-20 00:55:29"}
{"level":"info","message":"✓ Master Database Connected (hunarmand-prd)","timestamp":"2026-06-20 00:55:30"}
{"level":"info","message":"✓ Primary MongoDB Connected: hunarmand-punjab-shard-00-02.7dbsn.mongodb.net","timestamp":"2026-06-20 00:55:30"}
{"level":"info","message":"✓ Server running on port 5001 in [production] mode","timestamp":"2026-06-20 00:55:30"}
{"level":"info","message":"GET /api/candidates?page=1&limit=50&search=&gender=All&city=All&preferredExamCity=All&district=All&tehsil=All&institute=All&batch=All&verification=All&course=All&startDate=&endDate=&sortBy=createdAt&sortOrder=desc&showDeleted=false 304 - 285ms - IP: ::1","timestamp":"2026-06-20 00:55:31"}
{"level":"info","message":"GET /api/candidates/export/jobs 304 - 665ms - IP: ::1","timestamp":"2026-06-20 00:55:31"}
{"level":"info","message":"GET /api/dashboard/stats 304 - 1073ms - IP: ::1","timestamp":"2026-06-20 00:55:32"}
{"level":"info","message":"GET /api/candidates?page=1&limit=50&search=&gender=Male&city=All&preferredExamCity=All&district=All&tehsil=All&institute=All&batch=All&verification=All&course=All&startDate=&endDate=&sortBy=createdAt&sortOrder=desc&showDeleted=false 200 - 128ms - IP: ::1","timestamp":"2026-06-20 00:56:33"}
{"level":"info","message":"GET /api/candidates?page=1&limit=50&search=&gender=Female&city=All&preferredExamCity=All&district=All&tehsil=All&institute=All&batch=All&verification=All&course=All&startDate=&endDate=&sortBy=createdAt&sortOrder=desc&showDeleted=false 200 - 122ms - IP: ::1","timestamp":"2026-06-20 00:56:36"}
{"level":"info","message":"GET /api/candidates?page=1&limit=50&search=&gender=Female&city=All&preferredExamCity=Multan&district=All&tehsil=All&institute=All&batch=All&verification=All&course=All&startDate=&endDate=&sortBy=createdAt&sortOrder=desc&showDeleted=false 200 - 118ms - IP: ::1","timestamp":"2026-06-20 00:56:41"}
{"level":"info","message":"GET /api/candidates?page=1&limit=50&search=&gender=Female&city=All&preferredExamCity=Lahore+%28nearest+areas%29&district=All&tehsil=All&institute=All&batch=All&verification=All&course=All&startDate=&endDate=&sortBy=createdAt&sortOrder=desc&showDeleted=false 200 - 122ms - IP: ::1","timestamp":"2026-06-20 00:56:43"}
{"level":"info","message":"GET /api/candidates?page=1&limit=50&search=&gender=Female&city=All&preferredExamCity=All&district=All&tehsil=All&institute=All&batch=All&verification=All&course=All&startDate=&endDate=&sortBy=createdAt&sortOrder=desc&showDeleted=false 304 - 2ms - IP: ::1","timestamp":"2026-06-20 00:56:49"}
{"level":"info","message":"GET /api/candidates?page=1&limit=50&search=&gender=Female&city=All&preferredExamCity=Lahore+%28nearest+areas%29&district=All&tehsil=All&institute=All&batch=All&verification=All&course=All&startDate=&endDate=&sortBy=createdAt&sortOrder=desc&showDeleted=false 304 - 2ms - IP: ::1","timestamp":"2026-06-20 00:56:53"}
{"level":"info","message":"GET /api/candidates?page=1&limit=50&search=&gender=Female&city=All&preferredExamCity=All&district=All&tehsil=All&institute=All&batch=All&verification=All&course=All&startDate=&endDate=&sortBy=createdAt&sortOrder=desc&showDeleted=false 304 - 1ms - IP: ::1","timestamp":"2026-06-20 00:56:56"}
{"level":"warn","message":"⚠️ Redis Connection Failed: connect ECONNREFUSED 127.0.0.1:6379. Using In-Memory fallback cache.","timestamp":"2026-06-20 02:54:14"}
{"level":"info","message":"✓ Master Database Connected (hunarmand-prd)","timestamp":"2026-06-20 02:54:17"}
{"level":"info","message":"✓ Primary MongoDB Connected: hunarmand-punjab-shard-00-00.7dbsn.mongodb.net","timestamp":"2026-06-20 02:54:17"}
{"level":"info","message":"✓ Server running on port 5001 in [production] mode","timestamp":"2026-06-20 02:54:17"}
{"level":"warn","message":"⚠️ Redis Connection Failed: connect ECONNREFUSED 127.0.0.1:6379. Using In-Memory fallback cache.","timestamp":"2026-06-20 02:59:49"}
{"level":"info","message":"✓ Primary MongoDB Connected: hunarmand-punjab-shard-00-00.7dbsn.mongodb.net","timestamp":"2026-06-20 02:59:52"}
{"level":"info","message":"✓ Server running on port 5001 in [production] mode","timestamp":"2026-06-20 02:59:52"}
{"level":"info","message":"✓ Master Database Connected (hunarmand-prd)","timestamp":"2026-06-20 02:59:52"}
{"level":"warn","message":"⚠️ Redis Connection Failed: connect ECONNREFUSED 127.0.0.1:6379. Using In-Memory fallback cache.","timestamp":"2026-06-20 03:05:14"}
{"level":"info","message":"✓ Primary MongoDB Connected: hunarmand-punjab-shard-00-00.7dbsn.mongodb.net","timestamp":"2026-06-20 03:05:19"}
{"level":"info","message":"✓ Server running on port 5001 in [production] mode","timestamp":"2026-06-20 03:05:19"}
{"level":"info","message":"✓ Master Database Connected (hunarmand-prd)","timestamp":"2026-06-20 03:05:24"}
{"level":"warn","message":"⚠️ Redis Connection Failed: connect ECONNREFUSED 127.0.0.1:6379. Using In-Memory fallback cache.","timestamp":"2026-06-20 03:08:00"}
{"level":"info","message":"✓ Master Database Connected (hunarmand-prd)","timestamp":"2026-06-20 03:08:01"}
{"level":"info","message":"✓ Primary MongoDB Connected: hunarmand-punjab-shard-00-02.7dbsn.mongodb.net","timestamp":"2026-06-20 03:08:01"}
{"level":"info","message":"✓ Server running on port 5001 in [production] mode","timestamp":"2026-06-20 03:08:01"}
{"level":"warn","message":"⚠️ Redis Connection Failed: connect ECONNREFUSED 127.0.0.1:6379. Using In-Memory fallback cache.","timestamp":"2026-06-20 03:11:54"}
{"level":"info","message":"✓ Primary MongoDB Connected: hunarmand-punjab-shard-00-00.7dbsn.mongodb.net","timestamp":"2026-06-20 03:11:56"}
{"level":"info","message":"✓ Server running on port 5001 in [production] mode","timestamp":"2026-06-20 03:11:56"}
{"level":"info","message":"✓ Master Database Connected (hunarmand-prd)","timestamp":"2026-06-20 03:11:56"}
{"level":"warn","message":"⚠️ Redis Connection Failed: connect ECONNREFUSED 127.0.0.1:6379. Using In-Memory fallback cache.","timestamp":"2026-06-20 03:13:32"}
{"level":"info","message":"✓ Master Database Connected (hunarmand-prd)","timestamp":"2026-06-20 03:13:33"}
{"level":"info","message":"✓ Primary MongoDB Connected: hunarmand-punjab-shard-00-00.7dbsn.mongodb.net","timestamp":"2026-06-20 03:13:33"}
{"level":"info","message":"✓ Server running on port 5001 in [production] mode","timestamp":"2026-06-20 03:13:33"}
{"level":"warn","message":"⚠️ Redis Connection Failed: connect ECONNREFUSED 127.0.0.1:6379. Using In-Memory fallback cache.","timestamp":"2026-06-20 03:15:14"}
{"level":"info","message":"✓ Primary MongoDB Connected: hunarmand-punjab-shard-00-01.7dbsn.mongodb.net","timestamp":"2026-06-20 03:15:16"}
{"level":"info","message":"✓ Server running on port 5001 in [production] mode","timestamp":"2026-06-20 03:15:16"}
{"level":"info","message":"✓ Master Database Connected (hunarmand-prd)","timestamp":"2026-06-20 03:15:16"}
{"level":"warn","message":"⚠️ Redis Connection Failed: connect ECONNREFUSED 127.0.0.1:6379. Using In-Memory fallback cache.","timestamp":"2026-06-20 03:17:35"}
{"level":"info","message":"✓ Master Database Connected (hunarmand-prd)","timestamp":"2026-06-20 03:17:37"}
{"level":"info","message":"✓ Primary MongoDB Connected: hunarmand-punjab-shard-00-01.7dbsn.mongodb.net","timestamp":"2026-06-20 03:17:39"}
{"level":"info","message":"✓ Server running on port 5001 in [production] mode","timestamp":"2026-06-20 03:17:39"}
{"level":"warn","message":"⚠️ Redis Connection Failed: connect ECONNREFUSED 127.0.0.1:6379. Using In-Memory fallback cache.","timestamp":"2026-06-20 04:26:00"}
{"level":"info","message":"✓ Primary MongoDB Connected: hunarmand-punjab-shard-00-00.7dbsn.mongodb.net","timestamp":"2026-06-20 04:26:02"}
{"level":"info","message":"✓ Server running on port 5001 in [production] mode","timestamp":"2026-06-20 04:26:02"}
{"level":"info","message":"✓ Master Database Connected (hunarmand-prd)","timestamp":"2026-06-20 04:26:02"}
{"level":"info","message":"GET /api/candidates/admit-card/3130365427581 200 - 6111ms - IP: ::1","timestamp":"2026-06-20 04:34:25"}
{"level":"warn","message":"⚠️ Redis Connection Failed: connect ECONNREFUSED 127.0.0.1:6379. Using In-Memory fallback cache.","timestamp":"2026-06-20 04:44:50"}
{"level":"info","message":"✓ Primary MongoDB Connected: hunarmand-punjab-shard-00-02.7dbsn.mongodb.net","timestamp":"2026-06-20 04:44:52"}
{"level":"info","message":"✓ Server running on port 5001 in [production] mode","timestamp":"2026-06-20 04:44:52"}
{"level":"info","message":"✓ Master Database Connected (hunarmand-prd)","timestamp":"2026-06-20 04:44:53"}
{"level":"warn","message":"⚠️ Redis Connection Failed: connect ECONNREFUSED 127.0.0.1:6379. Using In-Memory fallback cache.","timestamp":"2026-06-20 04:45:00"}
{"level":"info","message":"✓ Primary MongoDB Connected: hunarmand-punjab-shard-00-00.7dbsn.mongodb.net","timestamp":"2026-06-20 04:45:02"}
{"level":"info","message":"✓ Server running on port 5001 in [production] mode","timestamp":"2026-06-20 04:45:02"}
{"level":"info","message":"✓ Master Database Connected (hunarmand-prd)","timestamp":"2026-06-20 04:45:02"}
{"level":"info","message":"GET /api/candidates/admit-card/3130365427581 200 - 2009ms - IP: ::1","timestamp":"2026-06-20 04:45:54"}
{"level":"warn","message":"⚠️ Redis Connection Failed: connect ECONNREFUSED 127.0.0.1:6379. Using In-Memory fallback cache.","timestamp":"2026-06-20 04:47:43"}
{"level":"info","message":"✓ Primary MongoDB Connected: hunarmand-punjab-shard-00-01.7dbsn.mongodb.net","timestamp":"2026-06-20 04:47:45"}
{"level":"info","message":"✓ Server running on port 5001 in [production] mode","timestamp":"2026-06-20 04:47:45"}
{"level":"info","message":"✓ Master Database Connected (hunarmand-prd)","timestamp":"2026-06-20 04:47:45"}
{"level":"warn","message":"⚠️ Redis Connection Failed: connect ECONNREFUSED 127.0.0.1:6379. Using In-Memory fallback cache.","timestamp":"2026-06-20 05:02:57"}
{"level":"info","message":"✓ Master Database Connected (hunarmand-prd)","timestamp":"2026-06-20 05:03:00"}
{"level":"info","message":"✓ Primary MongoDB Connected: hunarmand-punjab-shard-00-01.7dbsn.mongodb.net","timestamp":"2026-06-20 05:03:00"}
{"level":"info","message":"✓ Server running on port 5001 in [production] mode","timestamp":"2026-06-20 05:03:00"}
{"level":"warn","message":"⚠️ Redis Connection Failed: connect ECONNREFUSED 127.0.0.1:6379. Using In-Memory fallback cache.","timestamp":"2026-06-20 05:03:42"}
{"level":"info","message":"✓ Primary MongoDB Connected: hunarmand-punjab-shard-00-00.7dbsn.mongodb.net","timestamp":"2026-06-20 05:03:44"}
{"level":"info","message":"✓ Server running on port 5001 in [production] mode","timestamp":"2026-06-20 05:03:44"}
{"level":"info","message":"✓ Master Database Connected (hunarmand-prd)","timestamp":"2026-06-20 05:03:44"}
{"level":"info","message":"GET /diag-check-candidates 200 - 1285ms - IP: ::1","timestamp":"2026-06-20 05:04:02"}
{"level":"info","message":"GET /api/candidates/admit-card/3230446163713 200 - 1789ms - IP: ::1","timestamp":"2026-06-20 05:04:30"}
{"level":"info","message":"GET /diag-check-candidates 200 - 122ms - IP: ::1","timestamp":"2026-06-20 05:09:20"}
{"level":"warn","message":"⚠️ Redis Connection Failed: connect ECONNREFUSED 127.0.0.1:6379. Using In-Memory fallback cache.","timestamp":"2026-06-20 05:09:32"}
{"level":"info","message":"✓ Master Database Connected (hunarmand-prd)","timestamp":"2026-06-20 05:09:33"}
{"level":"info","message":"✓ Primary MongoDB Connected: hunarmand-punjab-shard-00-00.7dbsn.mongodb.net","timestamp":"2026-06-20 05:09:33"}
{"level":"info","message":"✓ Server running on port 5001 in [production] mode","timestamp":"2026-06-20 05:09:33"}
{"level":"warn","message":"⚠️ Redis Connection Failed: connect ECONNREFUSED 127.0.0.1:6379. Using In-Memory fallback cache.","timestamp":"2026-06-20 05:09:47"}
{"level":"info","message":"✓ Master Database Connected (hunarmand-prd)","timestamp":"2026-06-20 05:09:47"}
{"level":"info","message":"✓ Primary MongoDB Connected: hunarmand-punjab-shard-00-00.7dbsn.mongodb.net","timestamp":"2026-06-20 05:09:48"}
{"level":"info","message":"✓ Server running on port 5001 in [production] mode","timestamp":"2026-06-20 05:09:48"}
{"level":"warn","message":"⚠️ Redis Connection Failed: connect ECONNREFUSED 127.0.0.1:6379. Using In-Memory fallback cache.","timestamp":"2026-06-20 05:14:33"}
{"level":"info","message":"✓ Primary MongoDB Connected: hunarmand-punjab-shard-00-01.7dbsn.mongodb.net","timestamp":"2026-06-20 05:14:34"}
{"level":"info","message":"✓ Server running on port 5001 in [production] mode","timestamp":"2026-06-20 05:14:34"}
{"level":"info","message":"✓ Master Database Connected (hunarmand-prd)","timestamp":"2026-06-20 05:14:34"}
{"level":"warn","message":"⚠️ Redis Connection Failed: connect ECONNREFUSED 127.0.0.1:6379. Using In-Memory fallback cache.","timestamp":"2026-06-20 05:14:58"}
{"level":"info","message":"✓ Primary MongoDB Connected: hunarmand-punjab-shard-00-02.7dbsn.mongodb.net","timestamp":"2026-06-20 05:15:00"}
{"level":"info","message":"✓ Server running on port 5001 in [production] mode","timestamp":"2026-06-20 05:15:00"}
{"level":"info","message":"✓ Master Database Connected (hunarmand-prd)","timestamp":"2026-06-20 05:15:00"}
{"level":"warn","message":"⚠️ Redis Connection Failed: connect ECONNREFUSED 127.0.0.1:6379. Using In-Memory fallback cache.","timestamp":"2026-06-20 05:15:23"}
{"level":"info","message":"✓ Master Database Connected (hunarmand-prd)","timestamp":"2026-06-20 05:15:24"}
{"level":"info","message":"✓ Primary MongoDB Connected: hunarmand-punjab-shard-00-00.7dbsn.mongodb.net","timestamp":"2026-06-20 05:15:24"}
{"level":"info","message":"✓ Server running on port 5001 in [production] mode","timestamp":"2026-06-20 05:15:24"}
{"level":"warn","message":"⚠️ Redis Connection Failed: connect ECONNREFUSED 127.0.0.1:6379. Using In-Memory fallback cache.","timestamp":"2026-06-20 05:21:27"}
{"level":"info","message":"✓ Primary MongoDB Connected: hunarmand-punjab-shard-00-01.7dbsn.mongodb.net","timestamp":"2026-06-20 05:21:29"}
{"level":"info","message":"✓ Server running on port 5001 in [production] mode","timestamp":"2026-06-20 05:21:29"}
{"level":"info","message":"✓ Master Database Connected (hunarmand-prd)","timestamp":"2026-06-20 05:21:29"}
{"level":"warn","message":"⚠️ Redis Connection Failed: connect ECONNREFUSED 127.0.0.1:6379. Using In-Memory fallback cache.","timestamp":"2026-06-20 05:21:48"}
{"level":"info","message":"✓ Primary MongoDB Connected: hunarmand-punjab-shard-00-02.7dbsn.mongodb.net","timestamp":"2026-06-20 05:21:49"}
{"level":"info","message":"✓ Server running on port 5001 in [production] mode","timestamp":"2026-06-20 05:21:49"}
{"level":"info","message":"✓ Master Database Connected (hunarmand-prd)","timestamp":"2026-06-20 05:21:50"}
{"level":"info","message":"GET /api/candidates/admit-card/3230446163713 200 - 1897ms - IP: ::1","timestamp":"2026-06-20 05:26:23"}
{"level":"info","message":"GET /api/candidates/admit-card/3230446163713 200 - 396ms - IP: ::1","timestamp":"2026-06-20 05:28:10"}
{"level":"warn","message":"⚠️ Redis Connection Failed: connect ECONNREFUSED 127.0.0.1:6379. Using In-Memory fallback cache.","timestamp":"2026-06-20 05:40:13"}
{"level":"info","message":"✓ Primary MongoDB Connected: hunarmand-punjab-shard-00-00.7dbsn.mongodb.net","timestamp":"2026-06-20 05:40:14"}
{"level":"info","message":"✓ Server running on port 5001 in [production] mode","timestamp":"2026-06-20 05:40:14"}
{"level":"info","message":"✓ Master Database Connected (hunarmand-prd)","timestamp":"2026-06-20 05:40:14"}
{"level":"error","message":"❌ Master Database Connection Error: Server selection timed out after 10000 ms","timestamp":"2026-06-20 10:37:23"}
