{"level":"warn","message":"⚠️ Redis Connection Failed: connect ECONNREFUSED 127.0.0.1:6379. Using In-Memory fallback cache.","timestamp":"2026-06-30 05:17:19"}
{"level":"info","message":"✓ Master Database Connected (hunarmand-prd)","timestamp":"2026-06-30 05:17:21"}
{"level":"info","message":"✓ Primary MongoDB Connected: hunarmand-punjab-shard-00-01.7dbsn.mongodb.net","timestamp":"2026-06-30 05:17:21"}
{"level":"info","message":"✓ Server running on port 5001 in [production] mode","timestamp":"2026-06-30 05:17:21"}
{"level":"info","message":"GET /api/candidates/admit-card/3330135707180 200 - 2133ms - IP: ::1","timestamp":"2026-06-30 05:20:42"}
{"level":"info","message":"GET /api/candidates/verify-qr?token=ec51551b5a53e268167e0e59666550be 200 - 215ms - IP: ::1","timestamp":"2026-06-30 05:21:02"}
{"level":"info","message":"GET /api/candidates/verify-qr?token=ec51551b5a53e268167e0e59666550be 200 - 186ms - IP: ::1","timestamp":"2026-06-30 05:23:30"}
{"level":"info","message":"GET /api/candidates/verify-qr?token=ec51551b5a53e268167e0e59666550be 200 - 159ms - IP: ::1","timestamp":"2026-06-30 05:24:13"}
{"level":"info","message":"GET /api/candidates/admit-card/3330135707180 200 - 667ms - IP: ::1","timestamp":"2026-06-30 05:24:20"}
{"level":"info","message":"GET /api/candidates?page=1&limit=50&search=&gender=All&city=All&preferredExamCity=All&district=All&tehsil=All&institute=All&batch=All&verification=All&course=All&startDate=&endDate=&sortBy=createdAt&sortOrder=desc&showDeleted=false&slipGenerated=false 200 - 326ms - IP: ::1","timestamp":"2026-06-30 05:24:44"}
{"level":"info","message":"GET /api/candidates/export/jobs 200 - 374ms - IP: ::1","timestamp":"2026-06-30 05:24:44"}
{"level":"info","message":"GET /api/dashboard/stats 200 - 2273ms - IP: ::1","timestamp":"2026-06-30 05:24:46"}
{"level":"info","message":"GET /api/candidates?page=1&limit=50&search=&gender=All&city=All&preferredExamCity=All&district=All&tehsil=All&institute=All&batch=All&verification=All&course=All&startDate=&endDate=&sortBy=createdAt&sortOrder=desc&showDeleted=false&slipGenerated=true 200 - 165ms - IP: ::1","timestamp":"2026-06-30 05:24:49"}
{"level":"info","message":"GET /api/candidates/reports?reportType=slipGeneratedByCourse 200 - 167ms - IP: ::1","timestamp":"2026-06-30 05:24:49"}
{"level":"info","message":"GET /api/candidates/attendance 200 - 180ms - IP: ::1","timestamp":"2026-06-30 05:25:14"}
{"level":"info","message":"GET /api/candidates?page=1&limit=50&search=&gender=All&city=All&preferredExamCity=All&district=All&tehsil=All&institute=All&batch=All&verification=All&course=All&startDate=&endDate=&sortBy=createdAt&sortOrder=desc&showDeleted=false&slipGenerated=false 200 - 354ms - IP: ::1","timestamp":"2026-06-30 05:25:14"}
{"level":"info","message":"GET /api/candidates/attendance 200 - 183ms - IP: ::1","timestamp":"2026-06-30 05:25:14"}
{"level":"info","message":"POST /api/dashboard/clear-cache 200 - 5ms - IP: ::1","timestamp":"2026-06-30 05:28:10"}
{"level":"info","message":"GET /api/candidates/export/jobs 200 - 169ms - IP: ::1","timestamp":"2026-06-30 05:28:11"}
{"level":"info","message":"GET /api/candidates?page=1&limit=50&search=&gender=All&city=All&preferredExamCity=All&district=All&tehsil=All&institute=All&batch=All&verification=All&course=All&startDate=&endDate=&sortBy=createdAt&sortOrder=desc&showDeleted=false&slipGenerated=false 200 - 332ms - IP: ::1","timestamp":"2026-06-30 05:28:11"}
{"level":"info","message":"GET /api/dashboard/stats 200 - 1232ms - IP: ::1","timestamp":"2026-06-30 05:28:12"}
{"level":"info","message":"GET /api/candidates?page=1&limit=50&search=&gender=All&city=All&preferredExamCity=All&district=All&tehsil=All&institute=All&batch=All&verification=All&course=All&startDate=&endDate=&sortBy=createdAt&sortOrder=desc&showDeleted=false&slipGenerated=false 200 - 2ms - IP: ::1","timestamp":"2026-06-30 05:28:15"}
{"level":"info","message":"GET /api/results?page=1&limit=50&search= 200 - 317ms - IP: ::1","timestamp":"2026-06-30 05:28:15"}
{"level":"info","message":"GET /api/candidates?page=1&limit=50&search=&gender=All&city=All&preferredExamCity=All&district=All&tehsil=All&institute=All&batch=All&verification=All&course=All&startDate=&endDate=&sortBy=createdAt&sortOrder=desc&showDeleted=false&slipGenerated=false 200 - 2ms - IP: ::1","timestamp":"2026-06-30 05:28:17"}
{"level":"info","message":"GET /api/candidates/attendance 200 - 165ms - IP: ::1","timestamp":"2026-06-30 05:28:17"}
{"level":"info","message":"GET /api/candidates/attendance 200 - 163ms - IP: ::1","timestamp":"2026-06-30 05:28:18"}
{"level":"info","message":"GET /api/candidates?page=1&limit=50&search=&gender=All&city=All&preferredExamCity=All&district=All&tehsil=All&institute=All&batch=All&verification=All&course=All&startDate=&endDate=&sortBy=createdAt&sortOrder=desc&showDeleted=false&slipGenerated=false 200 - 2ms - IP: ::1","timestamp":"2026-06-30 05:28:18"}
{"level":"info","message":"POST /api/dashboard/clear-cache 200 - 13ms - IP: ::1","timestamp":"2026-06-30 05:44:48"}
{"level":"info","message":"GET /api/candidates?page=1&limit=50&search=&gender=All&city=All&preferredExamCity=All&district=All&tehsil=All&institute=All&batch=All&verification=All&course=All&startDate=&endDate=&sortBy=createdAt&sortOrder=desc&showDeleted=false&slipGenerated=false 200 - 422ms - IP: ::1","timestamp":"2026-06-30 05:44:48"}
{"level":"info","message":"GET /api/dashboard/stats 200 - 1561ms - IP: ::1","timestamp":"2026-06-30 05:44:49"}
{"level":"info","message":"GET /api/candidates/export/jobs 200 - 1704ms - IP: ::1","timestamp":"2026-06-30 05:44:50"}
{"level":"info","message":"POST /api/dashboard/clear-cache 200 - 1ms - IP: ::1","timestamp":"2026-06-30 05:45:14"}
{"level":"info","message":"GET /api/candidates/export/jobs 200 - 238ms - IP: ::1","timestamp":"2026-06-30 05:45:14"}
{"level":"info","message":"GET /api/dashboard/stats 200 - 258ms - IP: ::1","timestamp":"2026-06-30 05:45:14"}
{"level":"info","message":"GET /api/candidates?page=1&limit=50&search=&gender=All&city=All&preferredExamCity=All&district=All&tehsil=All&institute=All&batch=All&verification=All&course=All&startDate=&endDate=&sortBy=createdAt&sortOrder=desc&showDeleted=false&slipGenerated=false 200 - 332ms - IP: ::1","timestamp":"2026-06-30 05:45:14"}
{"level":"warn","message":"⚠️ Redis Connection Failed: connect ECONNREFUSED 127.0.0.1:6379. Using In-Memory fallback cache.","timestamp":"2026-06-30 21:33:15"}
{"level":"info","message":"✓ Primary MongoDB Connected: hunarmand-punjab-shard-00-00.7dbsn.mongodb.net","timestamp":"2026-06-30 21:33:17"}
{"level":"info","message":"✓ Server running on port 5001 in [production] mode","timestamp":"2026-06-30 21:33:17"}
{"level":"info","message":"✓ Master Database Connected (hunarmand-prd)","timestamp":"2026-06-30 21:33:17"}
{"level":"warn","message":"⚠️ Redis Connection Failed: connect ECONNREFUSED 127.0.0.1:6379. Using In-Memory fallback cache.","timestamp":"2026-06-30 21:47:39"}
{"level":"info","message":"✓ Master Database Connected (hunarmand-prd)","timestamp":"2026-06-30 21:47:40"}
{"level":"info","message":"✓ Primary MongoDB Connected: hunarmand-punjab-shard-00-00.7dbsn.mongodb.net","timestamp":"2026-06-30 21:47:40"}
{"level":"info","message":"✓ Server running on port 5001 in [production] mode","timestamp":"2026-06-30 21:47:40"}
{"level":"warn","message":"⚠️ Redis Connection Failed: connect ECONNREFUSED 127.0.0.1:6379. Using In-Memory fallback cache.","timestamp":"2026-06-30 21:47:49"}
{"level":"info","message":"✓ Master Database Connected (hunarmand-prd)","timestamp":"2026-06-30 21:47:50"}
{"level":"info","message":"✓ Primary MongoDB Connected: hunarmand-punjab-shard-00-02.7dbsn.mongodb.net","timestamp":"2026-06-30 21:47:50"}
{"level":"info","message":"✓ Server running on port 5001 in [production] mode","timestamp":"2026-06-30 21:47:50"}
{"level":"warn","message":"⚠️ Redis Connection Failed: connect ECONNREFUSED 127.0.0.1:6379. Using In-Memory fallback cache.","timestamp":"2026-06-30 21:48:14"}
{"level":"info","message":"✓ Primary MongoDB Connected: hunarmand-punjab-shard-00-00.7dbsn.mongodb.net","timestamp":"2026-06-30 21:48:15"}
{"level":"info","message":"✓ Server running on port 5001 in [production] mode","timestamp":"2026-06-30 21:48:15"}
{"level":"info","message":"✓ Master Database Connected (hunarmand-prd)","timestamp":"2026-06-30 21:48:15"}
{"level":"info","message":"GET /api/candidates/export/jobs 200 - 262ms - IP: ::1","timestamp":"2026-06-30 21:50:24"}
{"level":"info","message":"GET /api/candidates?page=1&limit=50&search=&gender=All&city=All&preferredExamCity=All&district=All&tehsil=All&institute=All&batch=All&verification=All&course=All&startDate=&endDate=&sortBy=createdAt&sortOrder=desc&showDeleted=false&slipGenerated=false 200 - 390ms - IP: ::1","timestamp":"2026-06-30 21:50:24"}
{"level":"info","message":"GET /api/dashboard/stats 200 - 783ms - IP: ::1","timestamp":"2026-06-30 21:50:24"}
{"level":"info","message":"POST /api/dashboard/clear-cache 200 - 2ms - IP: ::1","timestamp":"2026-06-30 21:50:32"}
{"level":"info","message":"GET /api/candidates?page=1&limit=50&search=&gender=All&city=All&preferredExamCity=All&district=All&tehsil=All&institute=All&batch=All&verification=All&course=All&startDate=&endDate=&sortBy=createdAt&sortOrder=desc&showDeleted=false&slipGenerated=false 200 - 238ms - IP: ::1","timestamp":"2026-06-30 21:50:32"}
{"level":"info","message":"GET /api/candidates/export/jobs 200 - 233ms - IP: ::1","timestamp":"2026-06-30 21:50:32"}
{"level":"info","message":"GET /api/dashboard/stats 200 - 644ms - IP: ::1","timestamp":"2026-06-30 21:50:32"}
{"level":"warn","message":"⚠️ Redis Connection Failed: connect ECONNREFUSED 127.0.0.1:6379. Using In-Memory fallback cache.","timestamp":"2026-06-30 22:30:11"}
{"level":"info","message":"✓ Master Database Connected (hunarmand-prd)","timestamp":"2026-06-30 22:30:12"}
{"level":"info","message":"✓ Primary MongoDB Connected: hunarmand-punjab-shard-00-00.7dbsn.mongodb.net","timestamp":"2026-06-30 22:30:12"}
{"level":"info","message":"✓ Server running on port 5001 in [production] mode","timestamp":"2026-06-30 22:30:12"}
{"level":"info","message":"POST /api/dashboard/clear-cache 200 - 8ms - IP: ::1","timestamp":"2026-06-30 22:31:09"}
{"level":"info","message":"GET /api/candidates?page=1&limit=50&search=&gender=All&city=All&preferredExamCity=All&district=All&tehsil=All&institute=All&batch=All&verification=All&course=All&startDate=&endDate=&sortBy=createdAt&sortOrder=desc&showDeleted=false&slipGenerated=false 200 - 265ms - IP: ::1","timestamp":"2026-06-30 22:31:10"}
{"level":"info","message":"GET /api/candidates/export/jobs 200 - 334ms - IP: ::1","timestamp":"2026-06-30 22:31:10"}
{"level":"info","message":"GET /api/dashboard/stats 200 - 667ms - IP: ::1","timestamp":"2026-06-30 22:31:10"}
{"level":"info","message":"POST /api/candidates/export 202 - 146ms - IP: ::1","timestamp":"2026-06-30 22:31:13"}
{"level":"info","message":"GET /api/candidates?page=1&limit=50&search=&gender=All&city=All&preferredExamCity=All&district=All&tehsil=All&institute=All&batch=All&verification=All&course=All&startDate=&endDate=&sortBy=createdAt&sortOrder=desc&showDeleted=false&slipGenerated=false 200 - 3ms - IP: ::1","timestamp":"2026-06-30 22:31:13"}
{"level":"info","message":"GET /api/candidates/export/jobs 200 - 121ms - IP: ::1","timestamp":"2026-06-30 22:31:13"}
{"level":"info","message":"GET /api/candidates/export/jobs 200 - 116ms - IP: ::1","timestamp":"2026-06-30 22:31:16"}
{"level":"info","message":"✓ Export Job 6a44a621049423cc8e0a3c29 completed successfully. 3449 records exported.","timestamp":"2026-06-30 22:31:18"}
{"level":"info","message":"GET /api/candidates/export/jobs 200 - 118ms - IP: ::1","timestamp":"2026-06-30 22:31:19"}
{"level":"info","message":"GET /api/candidates/exports/download/export_6a44a621049423cc8e0a3c29_1782883873677.xlsx?token=eyJhbGciOiJIUzI1NiIsInR5cCI6IkpXVCJ9.eyJ1c2VybmFtZSI6ImFkbWluIiwicm9sZSI6InN1cGVyYWRtaW4iLCJwZXJtaXNzaW9ucyI6WyJleHBvcnQiXSwiaWF0IjoxNzgyMTk5OTI1LCJleHAiOjE3ODQ3OTE5MjV9.Q4ntH9BPSOYSTWRMJW9qnpNHhFvZAOrAOmV6e7GXf8Y 200 - 23ms - IP: ::1","timestamp":"2026-06-30 22:31:32"}
{"level":"info","message":"GET /api/candidates?page=1&limit=50&search=&gender=All&city=All&preferredExamCity=All&district=All&tehsil=All&institute=All&batch=All&verification=All&course=All&startDate=&endDate=&sortBy=createdAt&sortOrder=desc&showDeleted=false&slipGenerated=false 200 - 252ms - IP: ::1","timestamp":"2026-06-30 22:48:28"}
{"level":"info","message":"GET /api/candidates/export/jobs 200 - 271ms - IP: ::1","timestamp":"2026-06-30 22:48:28"}
{"level":"info","message":"GET /api/dashboard/stats 200 - 853ms - IP: ::1","timestamp":"2026-06-30 22:48:28"}
{"level":"info","message":"POST /api/dashboard/clear-cache 200 - 1ms - IP: ::1","timestamp":"2026-06-30 22:48:31"}
{"level":"info","message":"GET /api/candidates/export/jobs 200 - 229ms - IP: ::1","timestamp":"2026-06-30 22:48:31"}
{"level":"info","message":"GET /api/candidates?page=1&limit=50&search=&gender=All&city=All&preferredExamCity=All&district=All&tehsil=All&institute=All&batch=All&verification=All&course=All&startDate=&endDate=&sortBy=createdAt&sortOrder=desc&showDeleted=false&slipGenerated=false 200 - 251ms - IP: ::1","timestamp":"2026-06-30 22:48:31"}
{"level":"info","message":"GET /api/dashboard/stats 200 - 928ms - IP: ::1","timestamp":"2026-06-30 22:48:32"}
{"level":"info","message":"GET /api/dashboard/stats 200 - 2ms - IP: ::1","timestamp":"2026-06-30 22:53:46"}
{"level":"info","message":"GET /api/candidates/export/jobs 200 - 120ms - IP: ::1","timestamp":"2026-06-30 22:53:47"}
{"level":"info","message":"GET /api/candidates?page=1&limit=50&search=&gender=All&city=All&preferredExamCity=All&district=All&tehsil=All&institute=All&batch=All&verification=All&course=All&startDate=&endDate=&sortBy=createdAt&sortOrder=desc&showDeleted=false&slipGenerated=false 200 - 237ms - IP: ::1","timestamp":"2026-06-30 22:53:47"}
{"level":"info","message":"GET /api/dashboard/stats 200 - 2ms - IP: ::1","timestamp":"2026-06-30 22:57:10"}
{"level":"info","message":"GET /api/candidates/export/jobs 200 - 563ms - IP: ::1","timestamp":"2026-06-30 22:57:11"}
{"level":"info","message":"GET /api/candidates?page=1&limit=50&search=&gender=All&city=All&preferredExamCity=All&district=All&tehsil=All&institute=All&batch=All&verification=All&course=All&startDate=&endDate=&sortBy=createdAt&sortOrder=desc&showDeleted=false&slipGenerated=false 200 - 1340ms - IP: ::1","timestamp":"2026-06-30 22:57:11"}
{"level":"warn","message":"⚠️ Redis Connection Failed: connect ECONNREFUSED 127.0.0.1:6379. Using In-Memory fallback cache.","timestamp":"2026-06-30 22:57:31"}
{"level":"info","message":"✓ Primary MongoDB Connected: hunarmand-punjab-shard-00-01.7dbsn.mongodb.net","timestamp":"2026-06-30 22:57:32"}
{"level":"info","message":"✓ Server running on port 5001 in [production] mode","timestamp":"2026-06-30 22:57:32"}
{"level":"info","message":"✓ Master Database Connected (hunarmand-prd)","timestamp":"2026-06-30 22:57:32"}
{"level":"info","message":"GET /api/candidates/admit-card/3120197076919 200 - 1501ms - IP: ::1","timestamp":"2026-06-30 23:01:07"}
{"level":"warn","message":"⚠️ Redis Connection Failed: connect ECONNREFUSED 127.0.0.1:6379. Using In-Memory fallback cache.","timestamp":"2026-06-30 23:20:55"}
{"level":"info","message":"✓ Primary MongoDB Connected: hunarmand-punjab-shard-00-01.7dbsn.mongodb.net","timestamp":"2026-06-30 23:20:58"}
{"level":"info","message":"✓ Server running on port 5001 in [production] mode","timestamp":"2026-06-30 23:20:58"}
{"level":"info","message":"✓ Master Database Connected (hunarmand-prd)","timestamp":"2026-06-30 23:20:59"}
{"level":"warn","message":"⚠️ Redis Connection Failed: connect ECONNREFUSED 127.0.0.1:6379. Using In-Memory fallback cache.","timestamp":"2026-06-30 23:57:11"}
{"level":"info","message":"✓ Master Database Connected (hunarmand-prd)","timestamp":"2026-06-30 23:57:19"}
{"level":"info","message":"✓ Primary MongoDB Connected: hunarmand-punjab-shard-00-00.7dbsn.mongodb.net","timestamp":"2026-06-30 23:57:19"}
{"level":"info","message":"✓ Server running on port 5001 in [production] mode","timestamp":"2026-06-30 23:57:19"}
