{"level":"warn","message":"⚠️ Redis Connection Failed: connect ECONNREFUSED 127.0.0.1:6379. Using In-Memory fallback cache.","timestamp":"2026-07-09 00:03:47"}
{"level":"info","message":"✓ Master Database Connected (hunarmand-prd)","timestamp":"2026-07-09 00:03:51"}
{"level":"info","message":"✓ Primary MongoDB Connected: hunarmand-punjab-shard-00-00.7dbsn.mongodb.net","timestamp":"2026-07-09 00:03:52"}
{"level":"info","message":"✓ Server running on port 5001 in [production] mode","timestamp":"2026-07-09 00:03:52"}
{"level":"warn","message":"⚠️ Redis Connection Failed: connect ECONNREFUSED 127.0.0.1:6379. Using In-Memory fallback cache.","timestamp":"2026-07-09 00:05:19"}
{"level":"info","message":"✓ Primary MongoDB Connected: hunarmand-punjab-shard-00-02.7dbsn.mongodb.net","timestamp":"2026-07-09 00:05:24"}
{"level":"info","message":"✓ Server running on port 5001 in [production] mode","timestamp":"2026-07-09 00:05:24"}
{"level":"info","message":"✓ Master Database Connected (hunarmand-prd)","timestamp":"2026-07-09 00:05:24"}
{"level":"error","message":"CORS policy block","stack":"Error: CORS policy block\n    at origin (D:\\Batch 61\\job place working\\Exam Form\\Exam-Form-Backend\\server.js:49:23)\n    at D:\\Batch 61\\job place working\\Exam Form\\Exam-Form-Backend\\node_modules\\cors\\lib\\index.js:219:13\n    at optionsCallback (D:\\Batch 61\\job place working\\Exam Form\\Exam-Form-Backend\\node_modules\\cors\\lib\\index.js:199:9)\n    at corsMiddleware (D:\\Batch 61\\job place working\\Exam Form\\Exam-Form-Backend\\node_modules\\cors\\lib\\index.js:204:7)\n    at Layer.handleRequest (D:\\Batch 61\\job place working\\Exam Form\\Exam-Form-Backend\\node_modules\\router\\lib\\layer.js:152:17)\n    at trimPrefix (D:\\Batch 61\\job place working\\Exam Form\\Exam-Form-Backend\\node_modules\\router\\index.js:342:13)\n    at D:\\Batch 61\\job place working\\Exam Form\\Exam-Form-Backend\\node_modules\\router\\index.js:297:9\n    at processParams (D:\\Batch 61\\job place working\\Exam Form\\Exam-Form-Backend\\node_modules\\router\\index.js:582:12)\n    at next (D:\\Batch 61\\job place working\\Exam Form\\Exam-Form-Backend\\node_modules\\router\\index.js:291:5)\n    at router.handle (D:\\Batch 61\\job place working\\Exam Form\\Exam-Form-Backend\\node_modules\\router\\index.js:186:3)\n    at app.handle (D:\\Batch 61\\job place working\\Exam Form\\Exam-Form-Backend\\node_modules\\express\\lib\\application.js:177:15)\n    at Server.app (D:\\Batch 61\\job place working\\Exam Form\\Exam-Form-Backend\\node_modules\\express\\lib\\express.js:38:9)\n    at Server.emit (node:events:509:28)\n    at parserOnIncoming (node:_http_server:1213:12)\n    at HTTPParser.parserOnHeadersComplete (node:_http_common:125:17)","timestamp":"2026-07-09 00:06:36"}
{"level":"error","message":"CORS policy block","stack":"Error: CORS policy block\n    at origin (D:\\Batch 61\\job place working\\Exam Form\\Exam-Form-Backend\\server.js:49:23)\n    at D:\\Batch 61\\job place working\\Exam Form\\Exam-Form-Backend\\node_modules\\cors\\lib\\index.js:219:13\n    at optionsCallback (D:\\Batch 61\\job place working\\Exam Form\\Exam-Form-Backend\\node_modules\\cors\\lib\\index.js:199:9)\n    at corsMiddleware (D:\\Batch 61\\job place working\\Exam Form\\Exam-Form-Backend\\node_modules\\cors\\lib\\index.js:204:7)\n    at Layer.handleRequest (D:\\Batch 61\\job place working\\Exam Form\\Exam-Form-Backend\\node_modules\\router\\lib\\layer.js:152:17)\n    at trimPrefix (D:\\Batch 61\\job place working\\Exam Form\\Exam-Form-Backend\\node_modules\\router\\index.js:342:13)\n    at D:\\Batch 61\\job place working\\Exam Form\\Exam-Form-Backend\\node_modules\\router\\index.js:297:9\n    at processParams (D:\\Batch 61\\job place working\\Exam Form\\Exam-Form-Backend\\node_modules\\router\\index.js:582:12)\n    at next (D:\\Batch 61\\job place working\\Exam Form\\Exam-Form-Backend\\node_modules\\router\\index.js:291:5)\n    at router.handle (D:\\Batch 61\\job place working\\Exam Form\\Exam-Form-Backend\\node_modules\\router\\index.js:186:3)\n    at app.handle (D:\\Batch 61\\job place working\\Exam Form\\Exam-Form-Backend\\node_modules\\express\\lib\\application.js:177:15)\n    at Server.app (D:\\Batch 61\\job place working\\Exam Form\\Exam-Form-Backend\\node_modules\\express\\lib\\express.js:38:9)\n    at Server.emit (node:events:509:28)\n    at parserOnIncoming (node:_http_server:1213:12)\n    at HTTPParser.parserOnHeadersComplete (node:_http_common:125:17)","timestamp":"2026-07-09 00:06:37"}
{"level":"error","message":"CORS policy block","stack":"Error: CORS policy block\n    at origin (D:\\Batch 61\\job place working\\Exam Form\\Exam-Form-Backend\\server.js:49:23)\n    at D:\\Batch 61\\job place working\\Exam Form\\Exam-Form-Backend\\node_modules\\cors\\lib\\index.js:219:13\n    at optionsCallback (D:\\Batch 61\\job place working\\Exam Form\\Exam-Form-Backend\\node_modules\\cors\\lib\\index.js:199:9)\n    at corsMiddleware (D:\\Batch 61\\job place working\\Exam Form\\Exam-Form-Backend\\node_modules\\cors\\lib\\index.js:204:7)\n    at Layer.handleRequest (D:\\Batch 61\\job place working\\Exam Form\\Exam-Form-Backend\\node_modules\\router\\lib\\layer.js:152:17)\n    at trimPrefix (D:\\Batch 61\\job place working\\Exam Form\\Exam-Form-Backend\\node_modules\\router\\index.js:342:13)\n    at D:\\Batch 61\\job place working\\Exam Form\\Exam-Form-Backend\\node_modules\\router\\index.js:297:9\n    at processParams (D:\\Batch 61\\job place working\\Exam Form\\Exam-Form-Backend\\node_modules\\router\\index.js:582:12)\n    at next (D:\\Batch 61\\job place working\\Exam Form\\Exam-Form-Backend\\node_modules\\router\\index.js:291:5)\n    at router.handle (D:\\Batch 61\\job place working\\Exam Form\\Exam-Form-Backend\\node_modules\\router\\index.js:186:3)\n    at app.handle (D:\\Batch 61\\job place working\\Exam Form\\Exam-Form-Backend\\node_modules\\express\\lib\\application.js:177:15)\n    at Server.app (D:\\Batch 61\\job place working\\Exam Form\\Exam-Form-Backend\\node_modules\\express\\lib\\express.js:38:9)\n    at Server.emit (node:events:509:28)\n    at parserOnIncoming (node:_http_server:1213:12)\n    at HTTPParser.parserOnHeadersComplete (node:_http_common:125:17)","timestamp":"2026-07-09 00:06:37"}
{"level":"error","message":"CORS policy block","stack":"Error: CORS policy block\n    at origin (D:\\Batch 61\\job place working\\Exam Form\\Exam-Form-Backend\\server.js:49:23)\n    at D:\\Batch 61\\job place working\\Exam Form\\Exam-Form-Backend\\node_modules\\cors\\lib\\index.js:219:13\n    at optionsCallback (D:\\Batch 61\\job place working\\Exam Form\\Exam-Form-Backend\\node_modules\\cors\\lib\\index.js:199:9)\n    at corsMiddleware (D:\\Batch 61\\job place working\\Exam Form\\Exam-Form-Backend\\node_modules\\cors\\lib\\index.js:204:7)\n    at Layer.handleRequest (D:\\Batch 61\\job place working\\Exam Form\\Exam-Form-Backend\\node_modules\\router\\lib\\layer.js:152:17)\n    at trimPrefix (D:\\Batch 61\\job place working\\Exam Form\\Exam-Form-Backend\\node_modules\\router\\index.js:342:13)\n    at D:\\Batch 61\\job place working\\Exam Form\\Exam-Form-Backend\\node_modules\\router\\index.js:297:9\n    at processParams (D:\\Batch 61\\job place working\\Exam Form\\Exam-Form-Backend\\node_modules\\router\\index.js:582:12)\n    at next (D:\\Batch 61\\job place working\\Exam Form\\Exam-Form-Backend\\node_modules\\router\\index.js:291:5)\n    at router.handle (D:\\Batch 61\\job place working\\Exam Form\\Exam-Form-Backend\\node_modules\\router\\index.js:186:3)\n    at app.handle (D:\\Batch 61\\job place working\\Exam Form\\Exam-Form-Backend\\node_modules\\express\\lib\\application.js:177:15)\n    at Server.app (D:\\Batch 61\\job place working\\Exam Form\\Exam-Form-Backend\\node_modules\\express\\lib\\express.js:38:9)\n    at Server.emit (node:events:509:28)\n    at parserOnIncoming (node:_http_server:1213:12)\n    at HTTPParser.parserOnHeadersComplete (node:_http_common:125:17)","timestamp":"2026-07-09 00:06:45"}
{"level":"error","message":"CORS policy block","stack":"Error: CORS policy block\n    at origin (D:\\Batch 61\\job place working\\Exam Form\\Exam-Form-Backend\\server.js:49:23)\n    at D:\\Batch 61\\job place working\\Exam Form\\Exam-Form-Backend\\node_modules\\cors\\lib\\index.js:219:13\n    at optionsCallback (D:\\Batch 61\\job place working\\Exam Form\\Exam-Form-Backend\\node_modules\\cors\\lib\\index.js:199:9)\n    at corsMiddleware (D:\\Batch 61\\job place working\\Exam Form\\Exam-Form-Backend\\node_modules\\cors\\lib\\index.js:204:7)\n    at Layer.handleRequest (D:\\Batch 61\\job place working\\Exam Form\\Exam-Form-Backend\\node_modules\\router\\lib\\layer.js:152:17)\n    at trimPrefix (D:\\Batch 61\\job place working\\Exam Form\\Exam-Form-Backend\\node_modules\\router\\index.js:342:13)\n    at D:\\Batch 61\\job place working\\Exam Form\\Exam-Form-Backend\\node_modules\\router\\index.js:297:9\n    at processParams (D:\\Batch 61\\job place working\\Exam Form\\Exam-Form-Backend\\node_modules\\router\\index.js:582:12)\n    at next (D:\\Batch 61\\job place working\\Exam Form\\Exam-Form-Backend\\node_modules\\router\\index.js:291:5)\n    at router.handle (D:\\Batch 61\\job place working\\Exam Form\\Exam-Form-Backend\\node_modules\\router\\index.js:186:3)\n    at app.handle (D:\\Batch 61\\job place working\\Exam Form\\Exam-Form-Backend\\node_modules\\express\\lib\\application.js:177:15)\n    at Server.app (D:\\Batch 61\\job place working\\Exam Form\\Exam-Form-Backend\\node_modules\\express\\lib\\express.js:38:9)\n    at Server.emit (node:events:509:28)\n    at parserOnIncoming (node:_http_server:1213:12)\n    at HTTPParser.parserOnHeadersComplete (node:_http_common:125:17)","timestamp":"2026-07-09 00:06:45"}
{"level":"error","message":"CORS policy block","stack":"Error: CORS policy block\n    at origin (D:\\Batch 61\\job place working\\Exam Form\\Exam-Form-Backend\\server.js:49:23)\n    at D:\\Batch 61\\job place working\\Exam Form\\Exam-Form-Backend\\node_modules\\cors\\lib\\index.js:219:13\n    at optionsCallback (D:\\Batch 61\\job place working\\Exam Form\\Exam-Form-Backend\\node_modules\\cors\\lib\\index.js:199:9)\n    at corsMiddleware (D:\\Batch 61\\job place working\\Exam Form\\Exam-Form-Backend\\node_modules\\cors\\lib\\index.js:204:7)\n    at Layer.handleRequest (D:\\Batch 61\\job place working\\Exam Form\\Exam-Form-Backend\\node_modules\\router\\lib\\layer.js:152:17)\n    at trimPrefix (D:\\Batch 61\\job place working\\Exam Form\\Exam-Form-Backend\\node_modules\\router\\index.js:342:13)\n    at D:\\Batch 61\\job place working\\Exam Form\\Exam-Form-Backend\\node_modules\\router\\index.js:297:9\n    at processParams (D:\\Batch 61\\job place working\\Exam Form\\Exam-Form-Backend\\node_modules\\router\\index.js:582:12)\n    at next (D:\\Batch 61\\job place working\\Exam Form\\Exam-Form-Backend\\node_modules\\router\\index.js:291:5)\n    at router.handle (D:\\Batch 61\\job place working\\Exam Form\\Exam-Form-Backend\\node_modules\\router\\index.js:186:3)\n    at app.handle (D:\\Batch 61\\job place working\\Exam Form\\Exam-Form-Backend\\node_modules\\express\\lib\\application.js:177:15)\n    at Server.app (D:\\Batch 61\\job place working\\Exam Form\\Exam-Form-Backend\\node_modules\\express\\lib\\express.js:38:9)\n    at Server.emit (node:events:509:28)\n    at parserOnIncoming (node:_http_server:1213:12)\n    at HTTPParser.parserOnHeadersComplete (node:_http_common:125:17)","timestamp":"2026-07-09 00:06:45"}
{"level":"error","message":"CORS policy block","stack":"Error: CORS policy block\n    at origin (D:\\Batch 61\\job place working\\Exam Form\\Exam-Form-Backend\\server.js:49:23)\n    at D:\\Batch 61\\job place working\\Exam Form\\Exam-Form-Backend\\node_modules\\cors\\lib\\index.js:219:13\n    at optionsCallback (D:\\Batch 61\\job place working\\Exam Form\\Exam-Form-Backend\\node_modules\\cors\\lib\\index.js:199:9)\n    at corsMiddleware (D:\\Batch 61\\job place working\\Exam Form\\Exam-Form-Backend\\node_modules\\cors\\lib\\index.js:204:7)\n    at Layer.handleRequest (D:\\Batch 61\\job place working\\Exam Form\\Exam-Form-Backend\\node_modules\\router\\lib\\layer.js:152:17)\n    at trimPrefix (D:\\Batch 61\\job place working\\Exam Form\\Exam-Form-Backend\\node_modules\\router\\index.js:342:13)\n    at D:\\Batch 61\\job place working\\Exam Form\\Exam-Form-Backend\\node_modules\\router\\index.js:297:9\n    at processParams (D:\\Batch 61\\job place working\\Exam Form\\Exam-Form-Backend\\node_modules\\router\\index.js:582:12)\n    at next (D:\\Batch 61\\job place working\\Exam Form\\Exam-Form-Backend\\node_modules\\router\\index.js:291:5)\n    at router.handle (D:\\Batch 61\\job place working\\Exam Form\\Exam-Form-Backend\\node_modules\\router\\index.js:186:3)\n    at app.handle (D:\\Batch 61\\job place working\\Exam Form\\Exam-Form-Backend\\node_modules\\express\\lib\\application.js:177:15)\n    at Server.app (D:\\Batch 61\\job place working\\Exam Form\\Exam-Form-Backend\\node_modules\\express\\lib\\express.js:38:9)\n    at Server.emit (node:events:509:28)\n    at parserOnIncoming (node:_http_server:1213:12)\n    at HTTPParser.parserOnHeadersComplete (node:_http_common:125:17)","timestamp":"2026-07-09 00:06:46"}
{"level":"error","message":"CORS policy block","stack":"Error: CORS policy block\n    at origin (D:\\Batch 61\\job place working\\Exam Form\\Exam-Form-Backend\\server.js:49:23)\n    at D:\\Batch 61\\job place working\\Exam Form\\Exam-Form-Backend\\node_modules\\cors\\lib\\index.js:219:13\n    at optionsCallback (D:\\Batch 61\\job place working\\Exam Form\\Exam-Form-Backend\\node_modules\\cors\\lib\\index.js:199:9)\n    at corsMiddleware (D:\\Batch 61\\job place working\\Exam Form\\Exam-Form-Backend\\node_modules\\cors\\lib\\index.js:204:7)\n    at Layer.handleRequest (D:\\Batch 61\\job place working\\Exam Form\\Exam-Form-Backend\\node_modules\\router\\lib\\layer.js:152:17)\n    at trimPrefix (D:\\Batch 61\\job place working\\Exam Form\\Exam-Form-Backend\\node_modules\\router\\index.js:342:13)\n    at D:\\Batch 61\\job place working\\Exam Form\\Exam-Form-Backend\\node_modules\\router\\index.js:297:9\n    at processParams (D:\\Batch 61\\job place working\\Exam Form\\Exam-Form-Backend\\node_modules\\router\\index.js:582:12)\n    at next (D:\\Batch 61\\job place working\\Exam Form\\Exam-Form-Backend\\node_modules\\router\\index.js:291:5)\n    at router.handle (D:\\Batch 61\\job place working\\Exam Form\\Exam-Form-Backend\\node_modules\\router\\index.js:186:3)\n    at app.handle (D:\\Batch 61\\job place working\\Exam Form\\Exam-Form-Backend\\node_modules\\express\\lib\\application.js:177:15)\n    at Server.app (D:\\Batch 61\\job place working\\Exam Form\\Exam-Form-Backend\\node_modules\\express\\lib\\express.js:38:9)\n    at Server.emit (node:events:509:28)\n    at parserOnIncoming (node:_http_server:1213:12)\n    at HTTPParser.parserOnHeadersComplete (node:_http_common:125:17)","timestamp":"2026-07-09 00:06:46"}
{"level":"error","message":"CORS policy block","stack":"Error: CORS policy block\n    at origin (D:\\Batch 61\\job place working\\Exam Form\\Exam-Form-Backend\\server.js:49:23)\n    at D:\\Batch 61\\job place working\\Exam Form\\Exam-Form-Backend\\node_modules\\cors\\lib\\index.js:219:13\n    at optionsCallback (D:\\Batch 61\\job place working\\Exam Form\\Exam-Form-Backend\\node_modules\\cors\\lib\\index.js:199:9)\n    at corsMiddleware (D:\\Batch 61\\job place working\\Exam Form\\Exam-Form-Backend\\node_modules\\cors\\lib\\index.js:204:7)\n    at Layer.handleRequest (D:\\Batch 61\\job place working\\Exam Form\\Exam-Form-Backend\\node_modules\\router\\lib\\layer.js:152:17)\n    at trimPrefix (D:\\Batch 61\\job place working\\Exam Form\\Exam-Form-Backend\\node_modules\\router\\index.js:342:13)\n    at D:\\Batch 61\\job place working\\Exam Form\\Exam-Form-Backend\\node_modules\\router\\index.js:297:9\n    at processParams (D:\\Batch 61\\job place working\\Exam Form\\Exam-Form-Backend\\node_modules\\router\\index.js:582:12)\n    at next (D:\\Batch 61\\job place working\\Exam Form\\Exam-Form-Backend\\node_modules\\router\\index.js:291:5)\n    at router.handle (D:\\Batch 61\\job place working\\Exam Form\\Exam-Form-Backend\\node_modules\\router\\index.js:186:3)\n    at app.handle (D:\\Batch 61\\job place working\\Exam Form\\Exam-Form-Backend\\node_modules\\express\\lib\\application.js:177:15)\n    at Server.app (D:\\Batch 61\\job place working\\Exam Form\\Exam-Form-Backend\\node_modules\\express\\lib\\express.js:38:9)\n    at Server.emit (node:events:509:28)\n    at parserOnIncoming (node:_http_server:1213:12)\n    at HTTPParser.parserOnHeadersComplete (node:_http_common:125:17)","timestamp":"2026-07-09 00:06:46"}
{"level":"warn","message":"⚠️ Redis Connection Failed: connect ECONNREFUSED 127.0.0.1:6379. Using In-Memory fallback cache.","timestamp":"2026-07-09 00:07:57"}
{"level":"warn","message":"⚠️ Redis Connection Failed: connect ECONNREFUSED 127.0.0.1:6379. Using In-Memory fallback cache.","timestamp":"2026-07-09 00:07:58"}
{"level":"info","message":"✓ Primary MongoDB Connected: hunarmand-punjab-shard-00-01.7dbsn.mongodb.net","timestamp":"2026-07-09 00:08:01"}
{"level":"info","message":"✓ Server running on port 5001 in [production] mode","timestamp":"2026-07-09 00:08:01"}
{"level":"info","message":"✓ Master Database Connected (hunarmand-prd)","timestamp":"2026-07-09 00:08:01"}
{"level":"info","message":"✓ Master Database Connected (hunarmand-prd)","timestamp":"2026-07-09 00:08:01"}
{"level":"info","message":"✓ Primary MongoDB Connected: hunarmand-punjab-shard-00-01.7dbsn.mongodb.net","timestamp":"2026-07-09 00:08:01"}
{"level":"info","message":"✓ Server running on port 5001 in [production] mode","timestamp":"2026-07-09 00:08:01"}
{"level":"info","message":"GET /api/dashboard/stats 200 - 442ms - IP: ::ffff:127.0.0.1","timestamp":"2026-07-09 00:08:01"}
{"level":"info","message":"GET /api/candidates/export/jobs 200 - 591ms - IP: ::ffff:127.0.0.1","timestamp":"2026-07-09 00:08:01"}
{"level":"info","message":"GET /api/candidates?page=1&limit=50&search=&gender=All&city=All&email=&phone=&preferredExamCity=All&district=All&tehsil=All&institute=All&batch=All&verification=All&course=All&startDate=&endDate=&sortBy=createdAt&sortOrder=desc&showDeleted=false&slipGenerated=false 200 - 1178ms - IP: ::ffff:127.0.0.1","timestamp":"2026-07-09 00:08:02"}
{"level":"info","message":"GET /api/candidates/reports?reportType=slipGeneratedByCourse 200 - 189ms - IP: ::ffff:127.0.0.1","timestamp":"2026-07-09 00:08:07"}
{"level":"info","message":"GET /api/candidates?page=1&limit=50&search=&gender=All&city=All&email=&phone=&preferredExamCity=All&district=All&tehsil=All&institute=All&batch=All&verification=All&course=All&startDate=&endDate=&sortBy=createdAt&sortOrder=desc&showDeleted=false&slipGenerated=true 200 - 905ms - IP: ::ffff:127.0.0.1","timestamp":"2026-07-09 00:08:08"}
{"level":"info","message":"GET /api/candidates/admit-card/35404-8227589-1 400 - 174ms - IP: ::1","timestamp":"2026-07-09 00:09:47"}
{"level":"info","message":"GET /api/candidates/admit-card/35404-8227589-1 400 - 165ms - IP: ::1","timestamp":"2026-07-09 00:10:17"}
{"level":"info","message":"POST /api/candidates/admit-card 200 - 1450ms - IP: ::1","timestamp":"2026-07-09 00:10:44"}
{"level":"info","message":"GET /api/candidates/admit-card/35404-8227589-1 400 - 163ms - IP: ::1","timestamp":"2026-07-09 00:16:45"}
{"level":"info","message":"POST /api/candidates/admit-card 200 - 1160ms - IP: ::1","timestamp":"2026-07-09 00:16:58"}
{"level":"info","message":"GET /api/candidates/export/jobs 200 - 180ms - IP: ::1","timestamp":"2026-07-09 00:21:15"}
{"level":"info","message":"GET /api/dashboard/stats 200 - 215ms - IP: ::1","timestamp":"2026-07-09 00:21:15"}
{"level":"info","message":"GET /api/candidates?page=1&limit=50&search=&gender=All&city=All&email=&phone=&preferredExamCity=All&district=All&tehsil=All&institute=All&batch=All&verification=All&course=All&startDate=&endDate=&sortBy=createdAt&sortOrder=desc&showDeleted=false&slipGenerated=false 200 - 877ms - IP: ::1","timestamp":"2026-07-09 00:21:15"}
{"level":"info","message":"GET /api/candidates/reports?reportType=slipGeneratedByCourse 200 - 221ms - IP: ::1","timestamp":"2026-07-09 00:21:21"}
{"level":"info","message":"GET /api/candidates?page=1&limit=50&search=&gender=All&city=All&email=&phone=&preferredExamCity=All&district=All&tehsil=All&institute=All&batch=All&verification=All&course=All&startDate=&endDate=&sortBy=createdAt&sortOrder=desc&showDeleted=false&slipGenerated=true 200 - 945ms - IP: ::1","timestamp":"2026-07-09 00:21:22"}
{"level":"info","message":"GET /api/dashboard/stats 200 - 2ms - IP: ::1","timestamp":"2026-07-09 00:25:13"}
{"level":"info","message":"GET /api/candidates/export/jobs 200 - 169ms - IP: ::1","timestamp":"2026-07-09 00:25:13"}
{"level":"info","message":"GET /api/candidates?page=1&limit=50&search=&gender=All&city=All&email=&phone=&preferredExamCity=All&district=All&tehsil=All&institute=All&batch=All&verification=All&course=All&startDate=&endDate=&sortBy=createdAt&sortOrder=desc&showDeleted=false&slipGenerated=false 200 - 835ms - IP: ::1","timestamp":"2026-07-09 00:25:14"}
{"level":"info","message":"GET /api/candidates/reports?reportType=slipGeneratedByCourse 200 - 158ms - IP: ::1","timestamp":"2026-07-09 00:25:17"}
{"level":"info","message":"GET /api/candidates?page=1&limit=50&search=&gender=All&city=All&email=&phone=&preferredExamCity=All&district=All&tehsil=All&institute=All&batch=All&verification=All&course=All&startDate=&endDate=&sortBy=createdAt&sortOrder=desc&showDeleted=false&slipGenerated=true 200 - 678ms - IP: ::1","timestamp":"2026-07-09 00:25:17"}
{"level":"info","message":"GET /api/candidates?page=1&limit=50&search=&gender=All&city=All&email=&phone=&preferredExamCity=All&district=All&tehsil=All&institute=All&batch=All&verification=All&course=All&startDate=&endDate=&sortBy=createdAt&sortOrder=desc&showDeleted=false&slipGenerated=false 200 - 848ms - IP: ::1","timestamp":"2026-07-09 00:27:21"}
{"level":"info","message":"GET /api/candidates?page=1&limit=50&search=36&gender=All&city=All&email=&phone=&preferredExamCity=All&district=All&tehsil=All&institute=All&batch=All&verification=All&course=All&startDate=&endDate=&sortBy=createdAt&sortOrder=desc&showDeleted=false&slipGenerated=false 200 - 666ms - IP: ::1","timestamp":"2026-07-09 00:27:25"}
{"level":"info","message":"GET /api/candidates?page=1&limit=50&search=36503&gender=All&city=All&email=&phone=&preferredExamCity=All&district=All&tehsil=All&institute=All&batch=All&verification=All&course=All&startDate=&endDate=&sortBy=createdAt&sortOrder=desc&showDeleted=false&slipGenerated=false 200 - 180ms - IP: ::1","timestamp":"2026-07-09 00:27:27"}
{"level":"info","message":"GET /api/candidates?page=1&limit=50&search=36502&gender=All&city=All&email=&phone=&preferredExamCity=All&district=All&tehsil=All&institute=All&batch=All&verification=All&course=All&startDate=&endDate=&sortBy=createdAt&sortOrder=desc&showDeleted=false&slipGenerated=false 200 - 538ms - IP: ::1","timestamp":"2026-07-09 00:27:29"}
{"level":"info","message":"GET /api/candidates?page=1&limit=50&search=36502-94&gender=All&city=All&email=&phone=&preferredExamCity=All&district=All&tehsil=All&institute=All&batch=All&verification=All&course=All&startDate=&endDate=&sortBy=createdAt&sortOrder=desc&showDeleted=false&slipGenerated=false 200 - 180ms - IP: ::1","timestamp":"2026-07-09 00:27:41"}
{"level":"info","message":"GET /api/candidates?page=1&limit=50&search=36502-940&gender=All&city=All&email=&phone=&preferredExamCity=All&district=All&tehsil=All&institute=All&batch=All&verification=All&course=All&startDate=&endDate=&sortBy=createdAt&sortOrder=desc&showDeleted=false&slipGenerated=false 200 - 177ms - IP: ::1","timestamp":"2026-07-09 00:27:55"}
{"level":"info","message":"GET /api/candidates?page=1&limit=50&search=36502-94033&gender=All&city=All&email=&phone=&preferredExamCity=All&district=All&tehsil=All&institute=All&batch=All&verification=All&course=All&startDate=&endDate=&sortBy=createdAt&sortOrder=desc&showDeleted=false&slipGenerated=false 200 - 192ms - IP: ::1","timestamp":"2026-07-09 00:27:56"}
{"level":"info","message":"GET /api/candidates?page=1&limit=50&search=36502-9403372&gender=All&city=All&email=&phone=&preferredExamCity=All&district=All&tehsil=All&institute=All&batch=All&verification=All&course=All&startDate=&endDate=&sortBy=createdAt&sortOrder=desc&showDeleted=false&slipGenerated=false 200 - 183ms - IP: ::1","timestamp":"2026-07-09 00:28:14"}
{"level":"info","message":"GET /api/candidates?page=1&limit=50&search=36502-9403372-9&gender=All&city=All&email=&phone=&preferredExamCity=All&district=All&tehsil=All&institute=All&batch=All&verification=All&course=All&startDate=&endDate=&sortBy=createdAt&sortOrder=desc&showDeleted=false&slipGenerated=false 200 - 178ms - IP: ::1","timestamp":"2026-07-09 00:28:19"}
{"level":"info","message":"GET /api/candidates?page=1&limit=50&search=3640267720389&gender=All&city=All&email=&phone=&preferredExamCity=All&district=All&tehsil=All&institute=All&batch=All&verification=All&course=All&startDate=&endDate=&sortBy=createdAt&sortOrder=desc&showDeleted=false&slipGenerated=false 200 - 189ms - IP: ::1","timestamp":"2026-07-09 00:37:48"}
{"level":"warn","message":"⚠️ Redis Connection Failed: connect ECONNREFUSED 127.0.0.1:6379. Using In-Memory fallback cache.","timestamp":"2026-07-09 00:40:27"}
{"level":"warn","message":"⚠️ Redis Connection Failed: connect ECONNREFUSED 127.0.0.1:6379. Using In-Memory fallback cache.","timestamp":"2026-07-09 00:40:27"}
{"level":"warn","message":"⚠️ Redis Connection Failed: connect ECONNREFUSED 127.0.0.1:6379. Using In-Memory fallback cache.","timestamp":"2026-07-09 00:40:34"}
{"level":"warn","message":"⚠️ Redis Connection Failed: connect ECONNREFUSED 127.0.0.1:6379. Using In-Memory fallback cache.","timestamp":"2026-07-09 00:40:34"}
{"level":"info","message":"✓ Primary MongoDB Connected: hunarmand-punjab-shard-00-01.7dbsn.mongodb.net","timestamp":"2026-07-09 00:40:35"}
{"level":"info","message":"✓ Server running on port 5001 in [production] mode","timestamp":"2026-07-09 00:40:35"}
{"level":"info","message":"✓ Master Database Connected (hunarmand-prd)","timestamp":"2026-07-09 00:40:35"}
{"level":"info","message":"✓ Master Database Connected (hunarmand-prd)","timestamp":"2026-07-09 00:40:35"}
{"level":"info","message":"✓ Primary MongoDB Connected: hunarmand-punjab-shard-00-00.7dbsn.mongodb.net","timestamp":"2026-07-09 00:40:35"}
{"level":"info","message":"✓ Server running on port 5001 in [production] mode","timestamp":"2026-07-09 00:40:35"}
{"level":"warn","message":"⚠️ Redis Connection Failed: connect ECONNREFUSED 127.0.0.1:6379. Using In-Memory fallback cache.","timestamp":"2026-07-09 00:41:52"}
{"level":"warn","message":"⚠️ Redis Connection Failed: connect ECONNREFUSED 127.0.0.1:6379. Using In-Memory fallback cache.","timestamp":"2026-07-09 00:41:52"}
{"level":"info","message":"✓ Master Database Connected (hunarmand-prd)","timestamp":"2026-07-09 00:41:54"}
{"level":"info","message":"✓ Primary MongoDB Connected: hunarmand-punjab-shard-00-02.7dbsn.mongodb.net","timestamp":"2026-07-09 00:41:55"}
{"level":"info","message":"✓ Server running on port 5001 in [production] mode","timestamp":"2026-07-09 00:41:55"}
{"level":"info","message":"✓ Primary MongoDB Connected: hunarmand-punjab-shard-00-02.7dbsn.mongodb.net","timestamp":"2026-07-09 00:41:55"}
{"level":"info","message":"✓ Server running on port 5001 in [production] mode","timestamp":"2026-07-09 00:41:55"}
{"level":"info","message":"✓ Master Database Connected (hunarmand-prd)","timestamp":"2026-07-09 00:41:55"}
{"level":"warn","message":"⚠️ Redis Connection Failed: connect ECONNREFUSED 127.0.0.1:6379. Using In-Memory fallback cache.","timestamp":"2026-07-09 00:42:26"}
{"level":"warn","message":"⚠️ Redis Connection Failed: connect ECONNREFUSED 127.0.0.1:6379. Using In-Memory fallback cache.","timestamp":"2026-07-09 00:42:26"}
{"level":"info","message":"✓ Primary MongoDB Connected: hunarmand-punjab-shard-00-00.7dbsn.mongodb.net","timestamp":"2026-07-09 00:42:28"}
{"level":"info","message":"✓ Server running on port 5001 in [production] mode","timestamp":"2026-07-09 00:42:28"}
{"level":"info","message":"✓ Master Database Connected (hunarmand-prd)","timestamp":"2026-07-09 00:42:28"}
{"level":"info","message":"✓ Primary MongoDB Connected: hunarmand-punjab-shard-00-00.7dbsn.mongodb.net","timestamp":"2026-07-09 00:42:28"}
{"level":"info","message":"✓ Server running on port 5001 in [production] mode","timestamp":"2026-07-09 00:42:28"}
{"level":"info","message":"✓ Master Database Connected (hunarmand-prd)","timestamp":"2026-07-09 00:42:28"}
{"level":"warn","message":"⚠️ Redis Connection Failed: connect ECONNREFUSED 127.0.0.1:6379. Using In-Memory fallback cache.","timestamp":"2026-07-09 00:43:19"}
{"level":"warn","message":"⚠️ Redis Connection Failed: connect ECONNREFUSED 127.0.0.1:6379. Using In-Memory fallback cache.","timestamp":"2026-07-09 00:43:19"}
{"level":"info","message":"✓ Primary MongoDB Connected: hunarmand-punjab-shard-00-00.7dbsn.mongodb.net","timestamp":"2026-07-09 00:43:20"}
{"level":"info","message":"✓ Master Database Connected (hunarmand-prd)","timestamp":"2026-07-09 00:43:20"}
{"level":"info","message":"✓ Server running on port 5001 in [production] mode","timestamp":"2026-07-09 00:43:20"}
{"level":"info","message":"✓ Master Database Connected (hunarmand-prd)","timestamp":"2026-07-09 00:43:20"}
{"level":"info","message":"✓ Primary MongoDB Connected: hunarmand-punjab-shard-00-00.7dbsn.mongodb.net","timestamp":"2026-07-09 00:43:20"}
{"level":"info","message":"✓ Server running on port 5001 in [production] mode","timestamp":"2026-07-09 00:43:20"}
{"level":"info","message":"GET /api/dashboard/stats 200 - 503ms - IP: ::1","timestamp":"2026-07-09 00:43:21"}
{"level":"info","message":"GET /api/candidates/export/jobs 200 - 653ms - IP: ::1","timestamp":"2026-07-09 00:43:21"}
{"level":"info","message":"GET /api/candidates?page=1&limit=50&search=&gender=All&city=All&email=&phone=&preferredExamCity=All&district=All&tehsil=All&institute=All&batch=All&verification=All&course=All&startDate=&endDate=&sortBy=createdAt&sortOrder=desc&showDeleted=false&slipGenerated=false 200 - 974ms - IP: ::1","timestamp":"2026-07-09 00:43:21"}
{"level":"warn","message":"⚠️ Redis Connection Failed: connect ECONNREFUSED 127.0.0.1:6379. Using In-Memory fallback cache.","timestamp":"2026-07-09 00:46:03"}
{"level":"info","message":"✓ Master Database Connected (hunarmand-prd)","timestamp":"2026-07-09 00:46:05"}
{"level":"info","message":"✓ Primary MongoDB Connected: hunarmand-punjab-shard-00-02.7dbsn.mongodb.net","timestamp":"2026-07-09 00:46:06"}
{"level":"info","message":"✓ Server running on port 5001 in [production] mode","timestamp":"2026-07-09 00:46:06"}
{"level":"warn","message":"⚠️ Redis Connection Failed: connect ECONNREFUSED 127.0.0.1:6379. Using In-Memory fallback cache.","timestamp":"2026-07-09 00:46:44"}
{"level":"warn","message":"⚠️ Redis Connection Failed: connect ECONNREFUSED 127.0.0.1:6379. Using In-Memory fallback cache.","timestamp":"2026-07-09 00:46:44"}
{"level":"info","message":"✓ Primary MongoDB Connected: hunarmand-punjab-shard-00-00.7dbsn.mongodb.net","timestamp":"2026-07-09 00:46:48"}
{"level":"info","message":"✓ Server running on port 5001 in [production] mode","timestamp":"2026-07-09 00:46:48"}
{"level":"info","message":"✓ Master Database Connected (hunarmand-prd)","timestamp":"2026-07-09 00:46:48"}
{"level":"info","message":"✓ Master Database Connected (hunarmand-prd)","timestamp":"2026-07-09 00:46:48"}
{"level":"info","message":"✓ Primary MongoDB Connected: hunarmand-punjab-shard-00-01.7dbsn.mongodb.net","timestamp":"2026-07-09 00:46:48"}
{"level":"info","message":"✓ Server running on port 5001 in [production] mode","timestamp":"2026-07-09 00:46:49"}
{"level":"warn","message":"⚠️ Redis Connection Failed: connect ECONNREFUSED 127.0.0.1:6379. Using In-Memory fallback cache.","timestamp":"2026-07-09 00:47:43"}
{"level":"warn","message":"⚠️ Redis Connection Failed: connect ECONNREFUSED 127.0.0.1:6379. Using In-Memory fallback cache.","timestamp":"2026-07-09 00:47:43"}
{"level":"info","message":"✓ Master Database Connected (hunarmand-prd)","timestamp":"2026-07-09 00:47:46"}
{"level":"info","message":"✓ Primary MongoDB Connected: hunarmand-punjab-shard-00-02.7dbsn.mongodb.net","timestamp":"2026-07-09 00:47:47"}
{"level":"info","message":"✓ Server running on port 5001 in [production] mode","timestamp":"2026-07-09 00:47:47"}
{"level":"info","message":"✓ Master Database Connected (hunarmand-prd)","timestamp":"2026-07-09 00:47:47"}
{"level":"info","message":"✓ Primary MongoDB Connected: hunarmand-punjab-shard-00-01.7dbsn.mongodb.net","timestamp":"2026-07-09 00:47:47"}
{"level":"info","message":"✓ Server running on port 5001 in [production] mode","timestamp":"2026-07-09 00:47:47"}
{"level":"info","message":"GET /api/candidates/export/jobs 200 - 302ms - IP: ::1","timestamp":"2026-07-09 00:56:54"}
{"level":"info","message":"GET /api/candidates?page=1&limit=50&search=&gender=All&city=All&email=&phone=&preferredExamCity=All&district=All&tehsil=All&institute=All&batch=All&verification=All&course=All&startDate=&endDate=&sortBy=createdAt&sortOrder=desc&showDeleted=false&slipGenerated=false 200 - 744ms - IP: ::1","timestamp":"2026-07-09 00:56:54"}
{"level":"info","message":"GET /api/dashboard/stats 200 - 1377ms - IP: ::1","timestamp":"2026-07-09 00:56:55"}
{"level":"info","message":"GET /api/candidates/reports?reportType=slipGeneratedByCourse 200 - 170ms - IP: ::1","timestamp":"2026-07-09 00:57:01"}
{"level":"info","message":"GET /api/candidates?page=1&limit=50&search=&gender=All&city=All&email=&phone=&preferredExamCity=All&district=All&tehsil=All&institute=All&batch=All&verification=All&course=All&startDate=&endDate=&sortBy=createdAt&sortOrder=desc&showDeleted=false&slipGenerated=true 200 - 672ms - IP: ::1","timestamp":"2026-07-09 00:57:01"}
{"level":"warn","message":"⚠️ Redis Connection Failed: connect ECONNREFUSED 127.0.0.1:6379. Using In-Memory fallback cache.","timestamp":"2026-07-09 02:28:16"}
{"level":"info","message":"✓ Master Database Connected (hunarmand-prd)","timestamp":"2026-07-09 02:28:18"}
{"level":"info","message":"✓ Primary MongoDB Connected: hunarmand-punjab-shard-00-00.7dbsn.mongodb.net","timestamp":"2026-07-09 02:28:18"}
{"level":"info","message":"✓ Server running on port 5001 in [production] mode","timestamp":"2026-07-09 02:28:18"}
{"level":"info","message":"GET /api/candidates/export/jobs 200 - 317ms - IP: ::1","timestamp":"2026-07-09 02:28:42"}
{"level":"info","message":"GET /api/dashboard/stats 200 - 339ms - IP: ::1","timestamp":"2026-07-09 02:28:42"}
{"level":"info","message":"GET /api/candidates?page=1&limit=50&search=&gender=All&city=All&email=&phone=&preferredExamCity=All&district=All&tehsil=All&institute=All&batch=All&verification=All&course=All&startDate=&endDate=&sortBy=createdAt&sortOrder=desc&showDeleted=false&slipGenerated=false 200 - 986ms - IP: ::1","timestamp":"2026-07-09 02:28:43"}
{"level":"info","message":"GET /api/candidates?page=1&limit=50&search=35301-9255862-3&gender=All&city=All&email=&phone=&preferredExamCity=All&district=All&tehsil=All&institute=All&batch=All&verification=All&course=All&startDate=&endDate=&sortBy=createdAt&sortOrder=desc&showDeleted=false&slipGenerated=false 200 - 968ms - IP: ::1","timestamp":"2026-07-09 02:28:48"}
{"level":"info","message":"GET /api/candidates?page=1&limit=50&search=353019255862-3&gender=All&city=All&email=&phone=&preferredExamCity=All&district=All&tehsil=All&institute=All&batch=All&verification=All&course=All&startDate=&endDate=&sortBy=createdAt&sortOrder=desc&showDeleted=false&slipGenerated=false 200 - 147ms - IP: ::1","timestamp":"2026-07-09 02:29:00"}
{"level":"info","message":"GET /api/candidates?page=1&limit=50&search=3530192558623&gender=All&city=All&email=&phone=&preferredExamCity=All&district=All&tehsil=All&institute=All&batch=All&verification=All&course=All&startDate=&endDate=&sortBy=createdAt&sortOrder=desc&showDeleted=false&slipGenerated=false 200 - 154ms - IP: ::1","timestamp":"2026-07-09 02:29:03"}
{"level":"info","message":"GET /api/candidates?page=1&limit=50&search=3530170740155&gender=All&city=All&email=&phone=&preferredExamCity=All&district=All&tehsil=All&institute=All&batch=All&verification=All&course=All&startDate=&endDate=&sortBy=createdAt&sortOrder=desc&showDeleted=false&slipGenerated=false 200 - 132ms - IP: ::1","timestamp":"2026-07-09 02:29:23"}
{"level":"info","message":"GET /api/candidates?page=1&limit=50&search=3840356212328&gender=All&city=All&email=&phone=&preferredExamCity=All&district=All&tehsil=All&institute=All&batch=All&verification=All&course=All&startDate=&endDate=&sortBy=createdAt&sortOrder=desc&showDeleted=false&slipGenerated=false 200 - 139ms - IP: ::1","timestamp":"2026-07-09 02:34:27"}
{"level":"info","message":"GET /api/candidates/admit-card/3840356212328 200 - 917ms - IP: ::1","timestamp":"2026-07-09 02:34:47"}
{"level":"info","message":"GET /api/candidates/admit-card/3130383546697 400 - 150ms - IP: ::1","timestamp":"2026-07-09 02:37:11"}
{"level":"info","message":"GET /api/candidates/admit-card/3130383546697 400 - 924ms - IP: ::1","timestamp":"2026-07-09 02:37:43"}
{"level":"info","message":"GET /api/candidates/admit-card/3130383546697 400 - 3045ms - IP: ::1","timestamp":"2026-07-09 02:38:13"}
{"level":"info","message":"GET /api/candidates/admit-card/3130383546697 400 - 9895ms - IP: ::1","timestamp":"2026-07-09 02:38:50"}
{"level":"error","message":"CORS policy block","stack":"Error: CORS policy block\n    at origin (D:\\Batch 61\\job place working\\Exam Form\\Exam-Form-Backend\\server.js:50:23)\n    at D:\\Batch 61\\job place working\\Exam Form\\Exam-Form-Backend\\node_modules\\cors\\lib\\index.js:219:13\n    at optionsCallback (D:\\Batch 61\\job place working\\Exam Form\\Exam-Form-Backend\\node_modules\\cors\\lib\\index.js:199:9)\n    at corsMiddleware (D:\\Batch 61\\job place working\\Exam Form\\Exam-Form-Backend\\node_modules\\cors\\lib\\index.js:204:7)\n    at Layer.handleRequest (D:\\Batch 61\\job place working\\Exam Form\\Exam-Form-Backend\\node_modules\\router\\lib\\layer.js:152:17)\n    at trimPrefix (D:\\Batch 61\\job place working\\Exam Form\\Exam-Form-Backend\\node_modules\\router\\index.js:342:13)\n    at D:\\Batch 61\\job place working\\Exam Form\\Exam-Form-Backend\\node_modules\\router\\index.js:297:9\n    at processParams (D:\\Batch 61\\job place working\\Exam Form\\Exam-Form-Backend\\node_modules\\router\\index.js:582:12)\n    at next (D:\\Batch 61\\job place working\\Exam Form\\Exam-Form-Backend\\node_modules\\router\\index.js:291:5)\n    at router.handle (D:\\Batch 61\\job place working\\Exam Form\\Exam-Form-Backend\\node_modules\\router\\index.js:186:3)\n    at app.handle (D:\\Batch 61\\job place working\\Exam Form\\Exam-Form-Backend\\node_modules\\express\\lib\\application.js:177:15)\n    at Server.app (D:\\Batch 61\\job place working\\Exam Form\\Exam-Form-Backend\\node_modules\\express\\lib\\express.js:38:9)\n    at Server.emit (node:events:509:28)\n    at parserOnIncoming (node:_http_server:1213:12)\n    at HTTPParser.parserOnHeadersComplete (node:_http_common:125:17)","timestamp":"2026-07-09 03:50:12"}
{"level":"error","message":"CORS policy block","stack":"Error: CORS policy block\n    at origin (D:\\Batch 61\\job place working\\Exam Form\\Exam-Form-Backend\\server.js:50:23)\n    at D:\\Batch 61\\job place working\\Exam Form\\Exam-Form-Backend\\node_modules\\cors\\lib\\index.js:219:13\n    at optionsCallback (D:\\Batch 61\\job place working\\Exam Form\\Exam-Form-Backend\\node_modules\\cors\\lib\\index.js:199:9)\n    at corsMiddleware (D:\\Batch 61\\job place working\\Exam Form\\Exam-Form-Backend\\node_modules\\cors\\lib\\index.js:204:7)\n    at Layer.handleRequest (D:\\Batch 61\\job place working\\Exam Form\\Exam-Form-Backend\\node_modules\\router\\lib\\layer.js:152:17)\n    at trimPrefix (D:\\Batch 61\\job place working\\Exam Form\\Exam-Form-Backend\\node_modules\\router\\index.js:342:13)\n    at D:\\Batch 61\\job place working\\Exam Form\\Exam-Form-Backend\\node_modules\\router\\index.js:297:9\n    at processParams (D:\\Batch 61\\job place working\\Exam Form\\Exam-Form-Backend\\node_modules\\router\\index.js:582:12)\n    at next (D:\\Batch 61\\job place working\\Exam Form\\Exam-Form-Backend\\node_modules\\router\\index.js:291:5)\n    at router.handle (D:\\Batch 61\\job place working\\Exam Form\\Exam-Form-Backend\\node_modules\\router\\index.js:186:3)\n    at app.handle (D:\\Batch 61\\job place working\\Exam Form\\Exam-Form-Backend\\node_modules\\express\\lib\\application.js:177:15)\n    at Server.app (D:\\Batch 61\\job place working\\Exam Form\\Exam-Form-Backend\\node_modules\\express\\lib\\express.js:38:9)\n    at Server.emit (node:events:509:28)\n    at parserOnIncoming (node:_http_server:1213:12)\n    at HTTPParser.parserOnHeadersComplete (node:_http_common:125:17)","timestamp":"2026-07-09 03:50:16"}
{"level":"info","message":"✓ Master Database Connected (hunarmand-prd)","timestamp":"2026-07-09 03:52:40"}
{"level":"error","message":"CORS policy block","stack":"Error: CORS policy block\n    at origin (D:\\Batch 61\\job place working\\Exam Form\\Exam-Form-Backend\\server.js:50:23)\n    at D:\\Batch 61\\job place working\\Exam Form\\Exam-Form-Backend\\node_modules\\cors\\lib\\index.js:219:13\n    at optionsCallback (D:\\Batch 61\\job place working\\Exam Form\\Exam-Form-Backend\\node_modules\\cors\\lib\\index.js:199:9)\n    at corsMiddleware (D:\\Batch 61\\job place working\\Exam Form\\Exam-Form-Backend\\node_modules\\cors\\lib\\index.js:204:7)\n    at Layer.handleRequest (D:\\Batch 61\\job place working\\Exam Form\\Exam-Form-Backend\\node_modules\\router\\lib\\layer.js:152:17)\n    at trimPrefix (D:\\Batch 61\\job place working\\Exam Form\\Exam-Form-Backend\\node_modules\\router\\index.js:342:13)\n    at D:\\Batch 61\\job place working\\Exam Form\\Exam-Form-Backend\\node_modules\\router\\index.js:297:9\n    at processParams (D:\\Batch 61\\job place working\\Exam Form\\Exam-Form-Backend\\node_modules\\router\\index.js:582:12)\n    at next (D:\\Batch 61\\job place working\\Exam Form\\Exam-Form-Backend\\node_modules\\router\\index.js:291:5)\n    at router.handle (D:\\Batch 61\\job place working\\Exam Form\\Exam-Form-Backend\\node_modules\\router\\index.js:186:3)\n    at app.handle (D:\\Batch 61\\job place working\\Exam Form\\Exam-Form-Backend\\node_modules\\express\\lib\\application.js:177:15)\n    at Server.app (D:\\Batch 61\\job place working\\Exam Form\\Exam-Form-Backend\\node_modules\\express\\lib\\express.js:38:9)\n    at Server.emit (node:events:509:28)\n    at parserOnIncoming (node:_http_server:1213:12)\n    at HTTPParser.parserOnHeadersComplete (node:_http_common:125:17)","timestamp":"2026-07-09 03:55:36"}
{"level":"info","message":"GET /api/dashboard/stats 200 - 360ms - IP: ::1","timestamp":"2026-07-09 04:13:54"}
{"level":"info","message":"GET /api/candidates/export/jobs 200 - 353ms - IP: ::1","timestamp":"2026-07-09 04:13:54"}
{"level":"info","message":"GET /api/candidates?page=1&limit=50&search=&gender=All&city=All&email=&phone=&preferredExamCity=All&district=All&tehsil=All&institute=All&batch=All&verification=All&course=All&startDate=&endDate=&sortBy=createdAt&sortOrder=desc&showDeleted=false&slipGenerated=false 200 - 1010ms - IP: ::1","timestamp":"2026-07-09 04:13:55"}
