{"level":"warn","message":"⚠️ Redis Connection Failed: connect ECONNREFUSED 127.0.0.1:6379. Using In-Memory fallback cache.","timestamp":"2026-06-29 02:52:49"}
{"level":"info","message":"✓ Master Database Connected (hunarmand-prd)","timestamp":"2026-06-29 02:52:51"}
{"level":"info","message":"✓ Primary MongoDB Connected: hunarmand-punjab-shard-00-00.7dbsn.mongodb.net","timestamp":"2026-06-29 02:52:52"}
{"level":"info","message":"✓ Server running on port 5001 in [production] mode","timestamp":"2026-06-29 02:52:52"}
{"level":"info","message":"GET /api/candidates?page=1&limit=50&search=&gender=All&city=All&preferredExamCity=All&district=All&tehsil=All&institute=All&batch=All&verification=All&course=All&startDate=&endDate=&sortBy=createdAt&sortOrder=desc&showDeleted=false&slipGenerated=false 200 - 482ms - IP: ::1","timestamp":"2026-06-29 02:52:58"}
{"level":"info","message":"GET /api/candidates/export/jobs 200 - 455ms - IP: ::1","timestamp":"2026-06-29 02:52:58"}
{"level":"info","message":"GET /api/dashboard/stats 200 - 2965ms - IP: ::1","timestamp":"2026-06-29 02:53:00"}
{"level":"info","message":"GET /api/candidates/reports?reportType=slipGeneratedByCourse 200 - 191ms - IP: ::1","timestamp":"2026-06-29 02:53:09"}
{"level":"info","message":"GET /api/candidates?page=1&limit=50&search=&gender=All&city=All&preferredExamCity=All&district=All&tehsil=All&institute=All&batch=All&verification=All&course=All&startDate=&endDate=&sortBy=createdAt&sortOrder=desc&showDeleted=false&slipGenerated=true 200 - 201ms - IP: ::1","timestamp":"2026-06-29 02:53:09"}
{"level":"info","message":"GET /api/candidates?page=1&limit=50&search=&gender=All&city=All&preferredExamCity=All&district=All&tehsil=All&institute=All&batch=All&verification=All&course=All&startDate=&endDate=&sortBy=createdAt&sortOrder=desc&showDeleted=false&slipGenerated=false 200 - 1ms - IP: ::1","timestamp":"2026-06-29 02:53:09"}
{"level":"info","message":"GET /api/candidates?page=1&limit=50&search=&gender=All&city=All&preferredExamCity=Lahore+%28nearest+areas%29&district=All&tehsil=All&institute=All&batch=All&verification=All&course=All&startDate=&endDate=&sortBy=createdAt&sortOrder=desc&showDeleted=false&slipGenerated=false 200 - 373ms - IP: ::1","timestamp":"2026-06-29 02:53:22"}
{"level":"info","message":"GET /api/candidates?page=1&limit=50&search=&gender=All&city=All&preferredExamCity=Lahore+%28nearest+areas%29&district=All&tehsil=All&institute=All&batch=All&verification=All&course=All&startDate=&endDate=&sortBy=createdAt&sortOrder=desc&showDeleted=false&slipGenerated=false 200 - 3ms - IP: ::1","timestamp":"2026-06-29 02:53:26"}
{"level":"info","message":"GET /api/results?page=1&limit=50&search= 200 - 457ms - IP: ::1","timestamp":"2026-06-29 02:53:26"}
{"level":"info","message":"GET /api/candidates?page=1&limit=50&search=&gender=All&city=All&preferredExamCity=Lahore+%28nearest+areas%29&district=All&tehsil=All&institute=All&batch=All&verification=All&course=All&startDate=&endDate=&sortBy=createdAt&sortOrder=desc&showDeleted=false&slipGenerated=false 200 - 2ms - IP: ::1","timestamp":"2026-06-29 02:53:26"}
{"level":"info","message":"GET /api/candidates/reports?reportType=district&gender=All&city=All&preferredExamCity=Lahore+%28nearest+areas%29&district=All&course=All&startDate=&endDate= 200 - 188ms - IP: ::1","timestamp":"2026-06-29 02:53:26"}
{"level":"info","message":"GET /api/candidates/reports?reportType=custom&groupBy=course&gender=All&city=All&preferredExamCity=Lahore+%28nearest+areas%29&district=All&course=All&startDate=&endDate= 200 - 188ms - IP: ::1","timestamp":"2026-06-29 02:53:26"}
{"level":"info","message":"GET /api/candidates/reports?reportType=course&gender=All&city=All&preferredExamCity=Lahore+%28nearest+areas%29&district=All&course=All&startDate=&endDate= 200 - 191ms - IP: ::1","timestamp":"2026-06-29 02:53:26"}
{"level":"info","message":"GET /api/candidates?page=1&limit=50&search=&gender=All&city=All&preferredExamCity=Lahore+%28nearest+areas%29&district=All&tehsil=All&institute=All&batch=All&verification=All&course=All&startDate=&endDate=&sortBy=createdAt&sortOrder=desc&showDeleted=false&slipGenerated=false 200 - 2ms - IP: ::1","timestamp":"2026-06-29 02:53:33"}
{"level":"info","message":"GET /api/candidates/attendance 200 - 202ms - IP: ::1","timestamp":"2026-06-29 02:53:33"}
{"level":"info","message":"GET /api/candidates/attendance 200 - 206ms - IP: ::1","timestamp":"2026-06-29 02:53:33"}
{"level":"info","message":"GET /api/candidates?page=1&limit=50&search=&gender=All&city=All&preferredExamCity=Lahore+%28nearest+areas%29&district=All&tehsil=All&institute=All&batch=All&verification=All&course=All&startDate=&endDate=&sortBy=createdAt&sortOrder=desc&showDeleted=false&slipGenerated=false 200 - 2ms - IP: ::1","timestamp":"2026-06-29 02:53:33"}
{"level":"info","message":"GET /api/candidates/reports?reportType=district&gender=All&city=All&preferredExamCity=Lahore+%28nearest+areas%29&district=All&course=All&startDate=&endDate= 200 - 170ms - IP: ::1","timestamp":"2026-06-29 02:53:34"}
{"level":"info","message":"GET /api/candidates/reports?reportType=course&gender=All&city=All&preferredExamCity=Lahore+%28nearest+areas%29&district=All&course=All&startDate=&endDate= 200 - 228ms - IP: ::1","timestamp":"2026-06-29 02:53:34"}
{"level":"info","message":"GET /api/candidates/reports?reportType=custom&groupBy=course&gender=All&city=All&preferredExamCity=Lahore+%28nearest+areas%29&district=All&course=All&startDate=&endDate= 200 - 230ms - IP: ::1","timestamp":"2026-06-29 02:53:34"}
{"level":"info","message":"GET /api/candidates/reports?reportType=district&gender=All&city=All&preferredExamCity=Lahore+%28nearest+areas%29&district=All&course=AMAZON+VIRTUAL+ASSISTANT&startDate=&endDate= 200 - 568ms - IP: ::1","timestamp":"2026-06-29 02:54:01"}
{"level":"info","message":"GET /api/candidates/reports?reportType=custom&groupBy=course&gender=All&city=All&preferredExamCity=Lahore+%28nearest+areas%29&district=All&course=AMAZON+VIRTUAL+ASSISTANT&startDate=&endDate= 200 - 638ms - IP: ::1","timestamp":"2026-06-29 02:54:01"}
{"level":"info","message":"GET /api/candidates/reports?reportType=course&gender=All&city=All&preferredExamCity=Lahore+%28nearest+areas%29&district=All&course=AMAZON+VIRTUAL+ASSISTANT&startDate=&endDate= 200 - 972ms - IP: ::1","timestamp":"2026-06-29 02:54:02"}
{"level":"info","message":"GET /api/candidates?page=1&limit=50&search=&gender=All&city=All&preferredExamCity=Lahore+%28nearest+areas%29&district=All&tehsil=All&institute=All&batch=All&verification=All&course=AMAZON+VIRTUAL+ASSISTANT&startDate=&endDate=&sortBy=createdAt&sortOrder=desc&showDeleted=false&slipGenerated=false 200 - 2461ms - IP: ::1","timestamp":"2026-06-29 02:54:03"}
{"level":"info","message":"GET /api/candidates/reports?reportType=course&gender=All&city=All&preferredExamCity=All&district=All&course=AMAZON+VIRTUAL+ASSISTANT&startDate=&endDate= 200 - 206ms - IP: ::1","timestamp":"2026-06-29 02:56:18"}
{"level":"info","message":"GET /api/candidates/reports?reportType=district&gender=All&city=All&preferredExamCity=All&district=All&course=AMAZON+VIRTUAL+ASSISTANT&startDate=&endDate= 200 - 236ms - IP: ::1","timestamp":"2026-06-29 02:56:18"}
{"level":"info","message":"GET /api/candidates/reports?reportType=custom&groupBy=course&gender=All&city=All&preferredExamCity=All&district=All&course=AMAZON+VIRTUAL+ASSISTANT&startDate=&endDate= 200 - 274ms - IP: ::1","timestamp":"2026-06-29 02:56:18"}
{"level":"info","message":"GET /api/candidates?page=1&limit=50&search=&gender=All&city=All&preferredExamCity=All&district=All&tehsil=All&institute=All&batch=All&verification=All&course=AMAZON+VIRTUAL+ASSISTANT&startDate=&endDate=&sortBy=createdAt&sortOrder=desc&showDeleted=false&slipGenerated=false 200 - 669ms - IP: ::1","timestamp":"2026-06-29 02:56:18"}
{"level":"info","message":"GET /api/candidates/reports?reportType=course&gender=All&city=All&preferredExamCity=All&district=All&course=All&startDate=&endDate= 200 - 195ms - IP: ::1","timestamp":"2026-06-29 03:00:53"}
{"level":"info","message":"GET /api/candidates/reports?reportType=custom&groupBy=course&gender=All&city=All&preferredExamCity=All&district=All&course=All&startDate=&endDate= 200 - 210ms - IP: ::1","timestamp":"2026-06-29 03:00:53"}
{"level":"info","message":"GET /api/candidates?page=1&limit=50&search=&gender=All&city=All&preferredExamCity=All&district=All&tehsil=All&institute=All&batch=All&verification=All&course=All&startDate=&endDate=&sortBy=createdAt&sortOrder=desc&showDeleted=false&slipGenerated=false 200 - 371ms - IP: ::1","timestamp":"2026-06-29 03:00:53"}
{"level":"info","message":"GET /api/candidates/reports?reportType=district&gender=All&city=All&preferredExamCity=All&district=All&course=All&startDate=&endDate= 200 - 531ms - IP: ::1","timestamp":"2026-06-29 03:00:53"}
{"level":"info","message":"GET /api/candidates/reports?reportType=course&gender=All&city=All&preferredExamCity=Lahore+%28nearest+areas%29&district=All&course=All&startDate=&endDate= 200 - 187ms - IP: ::1","timestamp":"2026-06-29 03:00:57"}
{"level":"info","message":"GET /api/candidates/reports?reportType=district&gender=All&city=All&preferredExamCity=Lahore+%28nearest+areas%29&district=All&course=All&startDate=&endDate= 200 - 199ms - IP: ::1","timestamp":"2026-06-29 03:00:57"}
{"level":"info","message":"GET /api/candidates/reports?reportType=custom&groupBy=course&gender=All&city=All&preferredExamCity=Lahore+%28nearest+areas%29&district=All&course=All&startDate=&endDate= 200 - 199ms - IP: ::1","timestamp":"2026-06-29 03:00:57"}
{"level":"info","message":"GET /api/candidates?page=1&limit=50&search=&gender=All&city=All&preferredExamCity=Lahore+%28nearest+areas%29&district=All&tehsil=All&institute=All&batch=All&verification=All&course=All&startDate=&endDate=&sortBy=createdAt&sortOrder=desc&showDeleted=false&slipGenerated=false 200 - 368ms - IP: ::1","timestamp":"2026-06-29 03:00:58"}
{"level":"warn","message":"⚠️ Redis Connection Failed: connect ECONNREFUSED 127.0.0.1:6379. Using In-Memory fallback cache.","timestamp":"2026-06-29 03:03:05"}
{"level":"warn","message":"⚠️ Redis Connection Failed: connect ECONNREFUSED 127.0.0.1:6379. Using In-Memory fallback cache.","timestamp":"2026-06-29 03:03:30"}
{"level":"info","message":"✓ Primary MongoDB Connected: hunarmand-punjab-shard-00-02.7dbsn.mongodb.net","timestamp":"2026-06-29 03:03:32"}
{"level":"info","message":"✓ Server running on port 5001 in [production] mode","timestamp":"2026-06-29 03:03:32"}
{"level":"info","message":"✓ Master Database Connected (hunarmand-prd)","timestamp":"2026-06-29 03:03:32"}
{"level":"info","message":"GET /api/candidates?page=1&limit=50&search=&gender=All&city=All&preferredExamCity=All&district=All&tehsil=All&institute=All&batch=All&verification=All&course=All&startDate=&endDate=&sortBy=createdAt&sortOrder=desc&showDeleted=false&slipGenerated=false 200 - 586ms - IP: ::1","timestamp":"2026-06-29 03:03:40"}
{"level":"info","message":"GET /api/candidates/export/jobs 200 - 660ms - IP: ::1","timestamp":"2026-06-29 03:03:41"}
{"level":"info","message":"GET /api/dashboard/stats 200 - 1364ms - IP: ::1","timestamp":"2026-06-29 03:03:41"}
{"level":"info","message":"GET /api/candidates?page=1&limit=50&search=&gender=All&city=All&preferredExamCity=All&district=All&tehsil=All&institute=All&batch=All&verification=All&course=All&startDate=&endDate=&sortBy=createdAt&sortOrder=desc&showDeleted=false&slipGenerated=false 200 - 3ms - IP: ::1","timestamp":"2026-06-29 03:03:44"}
{"level":"info","message":"GET /api/candidates?page=1&limit=50&search=&gender=All&city=All&preferredExamCity=All&district=All&tehsil=All&institute=All&batch=All&verification=All&course=All&startDate=&endDate=&sortBy=createdAt&sortOrder=desc&showDeleted=false&slipGenerated=false 200 - 3ms - IP: ::1","timestamp":"2026-06-29 03:03:46"}
{"level":"info","message":"GET /api/candidates/reports?reportType=custom&groupBy=course&gender=All&city=All&preferredExamCity=All&district=All&course=All&startDate=&endDate= 200 - 169ms - IP: ::1","timestamp":"2026-06-29 03:03:46"}
{"level":"info","message":"GET /api/candidates/reports?reportType=course&gender=All&city=All&preferredExamCity=All&district=All&course=All&startDate=&endDate= 200 - 174ms - IP: ::1","timestamp":"2026-06-29 03:03:46"}
{"level":"info","message":"GET /api/candidates/reports?reportType=district&gender=All&city=All&preferredExamCity=All&district=All&course=All&startDate=&endDate= 200 - 518ms - IP: ::1","timestamp":"2026-06-29 03:03:46"}
{"level":"info","message":"GET /api/candidates/reports?reportType=course&gender=All&city=All&preferredExamCity=Lahore+%28nearest+areas%29&district=All&course=All&startDate=&endDate= 200 - 192ms - IP: ::1","timestamp":"2026-06-29 03:03:51"}
{"level":"info","message":"GET /api/candidates/reports?reportType=custom&groupBy=course&gender=All&city=All&preferredExamCity=Lahore+%28nearest+areas%29&district=All&course=All&startDate=&endDate= 200 - 188ms - IP: ::1","timestamp":"2026-06-29 03:03:51"}
{"level":"info","message":"GET /api/candidates?page=1&limit=50&search=&gender=All&city=All&preferredExamCity=Lahore+%28nearest+areas%29&district=All&tehsil=All&institute=All&batch=All&verification=All&course=All&startDate=&endDate=&sortBy=createdAt&sortOrder=desc&showDeleted=false&slipGenerated=false 200 - 391ms - IP: ::1","timestamp":"2026-06-29 03:03:51"}
{"level":"info","message":"GET /api/candidates/reports?reportType=district&gender=All&city=All&preferredExamCity=Lahore+%28nearest+areas%29&district=All&course=All&startDate=&endDate= 200 - 397ms - IP: ::1","timestamp":"2026-06-29 03:03:51"}
{"level":"info","message":"GET /api/candidates/reports?reportType=district&gender=All&city=All&preferredExamCity=Faisalabad&district=All&course=All&startDate=&endDate= 200 - 168ms - IP: ::1","timestamp":"2026-06-29 03:05:28"}
{"level":"info","message":"GET /api/candidates/reports?reportType=course&gender=All&city=All&preferredExamCity=Faisalabad&district=All&course=All&startDate=&endDate= 200 - 169ms - IP: ::1","timestamp":"2026-06-29 03:05:28"}
{"level":"info","message":"GET /api/candidates/reports?reportType=custom&groupBy=course&gender=All&city=All&preferredExamCity=Faisalabad&district=All&course=All&startDate=&endDate= 200 - 170ms - IP: ::1","timestamp":"2026-06-29 03:05:28"}
{"level":"info","message":"GET /api/candidates?page=1&limit=50&search=&gender=All&city=All&preferredExamCity=Faisalabad&district=All&tehsil=All&institute=All&batch=All&verification=All&course=All&startDate=&endDate=&sortBy=createdAt&sortOrder=desc&showDeleted=false&slipGenerated=false 200 - 335ms - IP: ::1","timestamp":"2026-06-29 03:05:28"}
{"level":"info","message":"GET /api/candidates/reports?reportType=district&gender=All&city=All&preferredExamCity=Islamabad&district=All&course=All&startDate=&endDate= 200 - 166ms - IP: ::1","timestamp":"2026-06-29 03:05:35"}
{"level":"info","message":"GET /api/candidates/reports?reportType=course&gender=All&city=All&preferredExamCity=Islamabad&district=All&course=All&startDate=&endDate= 200 - 166ms - IP: ::1","timestamp":"2026-06-29 03:05:35"}
{"level":"info","message":"GET /api/candidates/reports?reportType=custom&groupBy=course&gender=All&city=All&preferredExamCity=Islamabad&district=All&course=All&startDate=&endDate= 200 - 168ms - IP: ::1","timestamp":"2026-06-29 03:05:35"}
{"level":"info","message":"GET /api/candidates?page=1&limit=50&search=&gender=All&city=All&preferredExamCity=Islamabad&district=All&tehsil=All&institute=All&batch=All&verification=All&course=All&startDate=&endDate=&sortBy=createdAt&sortOrder=desc&showDeleted=false&slipGenerated=false 200 - 380ms - IP: ::1","timestamp":"2026-06-29 03:05:35"}
{"level":"info","message":"GET /api/candidates/reports?reportType=district&gender=All&city=All&preferredExamCity=Sialkot&district=All&course=All&startDate=&endDate= 200 - 163ms - IP: ::1","timestamp":"2026-06-29 03:05:39"}
{"level":"info","message":"GET /api/candidates/reports?reportType=course&gender=All&city=All&preferredExamCity=Sialkot&district=All&course=All&startDate=&endDate= 200 - 177ms - IP: ::1","timestamp":"2026-06-29 03:05:39"}
{"level":"info","message":"GET /api/candidates/reports?reportType=custom&groupBy=course&gender=All&city=All&preferredExamCity=Sialkot&district=All&course=All&startDate=&endDate= 200 - 179ms - IP: ::1","timestamp":"2026-06-29 03:05:39"}
{"level":"info","message":"GET /api/candidates?page=1&limit=50&search=&gender=All&city=All&preferredExamCity=Sialkot&district=All&tehsil=All&institute=All&batch=All&verification=All&course=All&startDate=&endDate=&sortBy=createdAt&sortOrder=desc&showDeleted=false&slipGenerated=false 200 - 333ms - IP: ::1","timestamp":"2026-06-29 03:05:39"}
{"level":"info","message":"GET /api/candidates/reports?reportType=course&gender=All&city=All&preferredExamCity=Lahore+%28nearest+areas%29&district=All&course=All&startDate=&endDate= 200 - 203ms - IP: ::1","timestamp":"2026-06-29 03:05:43"}
{"level":"info","message":"GET /api/candidates/reports?reportType=custom&groupBy=course&gender=All&city=All&preferredExamCity=Lahore+%28nearest+areas%29&district=All&course=All&startDate=&endDate= 200 - 206ms - IP: ::1","timestamp":"2026-06-29 03:05:43"}
{"level":"info","message":"GET /api/candidates?page=1&limit=50&search=&gender=All&city=All&preferredExamCity=Lahore+%28nearest+areas%29&district=All&tehsil=All&institute=All&batch=All&verification=All&course=All&startDate=&endDate=&sortBy=createdAt&sortOrder=desc&showDeleted=false&slipGenerated=false 200 - 352ms - IP: ::1","timestamp":"2026-06-29 03:05:43"}
{"level":"info","message":"GET /api/candidates/reports?reportType=district&gender=All&city=All&preferredExamCity=Lahore+%28nearest+areas%29&district=All&course=All&startDate=&endDate= 200 - 392ms - IP: ::1","timestamp":"2026-06-29 03:05:43"}
{"level":"info","message":"GET /api/candidates/reports?reportType=custom&groupBy=city&gender=All&city=All&preferredExamCity=Lahore+%28nearest+areas%29&district=All&course=All&startDate=&endDate= 200 - 396ms - IP: ::1","timestamp":"2026-06-29 03:06:05"}
{"level":"info","message":"GET /api/candidates/reports?reportType=custom&groupBy=gender&gender=All&city=All&preferredExamCity=Lahore+%28nearest+areas%29&district=All&course=All&startDate=&endDate= 200 - 612ms - IP: ::1","timestamp":"2026-06-29 03:06:18"}
{"level":"info","message":"POST /api/dashboard/clear-cache 200 - 1ms - IP: ::1","timestamp":"2026-06-29 03:08:22"}
{"level":"info","message":"GET /api/candidates?page=1&limit=50&search=&gender=All&city=All&preferredExamCity=Lahore+%28nearest+areas%29&district=All&tehsil=All&institute=All&batch=All&verification=All&course=All&startDate=&endDate=&sortBy=createdAt&sortOrder=desc&showDeleted=false&slipGenerated=false 200 - 336ms - IP: ::1","timestamp":"2026-06-29 03:08:22"}
{"level":"info","message":"GET /api/candidates/export/jobs 200 - 326ms - IP: ::1","timestamp":"2026-06-29 03:08:22"}
{"level":"info","message":"GET /api/dashboard/stats 200 - 1288ms - IP: ::1","timestamp":"2026-06-29 03:08:23"}
{"level":"info","message":"POST /api/dashboard/clear-cache 200 - 1ms - IP: ::1","timestamp":"2026-06-29 03:10:45"}
{"level":"info","message":"GET /api/candidates?page=1&limit=50&search=&gender=All&city=All&preferredExamCity=Lahore+%28nearest+areas%29&district=All&tehsil=All&institute=All&batch=All&verification=All&course=All&startDate=&endDate=&sortBy=createdAt&sortOrder=desc&showDeleted=false&slipGenerated=false 200 - 375ms - IP: ::1","timestamp":"2026-06-29 03:10:46"}
{"level":"info","message":"GET /api/candidates/export/jobs 200 - 364ms - IP: ::1","timestamp":"2026-06-29 03:10:46"}
{"level":"info","message":"GET /api/dashboard/stats 200 - 1245ms - IP: ::1","timestamp":"2026-06-29 03:10:47"}
{"level":"info","message":"GET /api/candidates/reports?reportType=course&gender=All&city=All&preferredExamCity=Gujranwala&district=All&course=All&startDate=&endDate= 200 - 198ms - IP: ::1","timestamp":"2026-06-29 03:11:10"}
{"level":"info","message":"GET /api/candidates/reports?reportType=district&gender=All&city=All&preferredExamCity=Gujranwala&district=All&course=All&startDate=&endDate= 200 - 207ms - IP: ::1","timestamp":"2026-06-29 03:11:10"}
{"level":"info","message":"GET /api/candidates/reports?reportType=custom&groupBy=gender&gender=All&city=All&preferredExamCity=Gujranwala&district=All&course=All&startDate=&endDate= 200 - 208ms - IP: ::1","timestamp":"2026-06-29 03:11:10"}
{"level":"info","message":"GET /api/candidates?page=1&limit=50&search=&gender=All&city=All&preferredExamCity=Gujranwala&district=All&tehsil=All&institute=All&batch=All&verification=All&course=All&startDate=&endDate=&sortBy=createdAt&sortOrder=desc&showDeleted=false&slipGenerated=false 200 - 365ms - IP: ::1","timestamp":"2026-06-29 03:11:10"}
{"level":"info","message":"GET /api/candidates/reports?reportType=custom&groupBy=gender&gender=All&city=All&preferredExamCity=Sialkot&district=All&course=All&startDate=&endDate= 200 - 273ms - IP: ::1","timestamp":"2026-06-29 03:11:29"}
{"level":"info","message":"GET /api/candidates/reports?reportType=course&gender=All&city=All&preferredExamCity=Sialkot&district=All&course=All&startDate=&endDate= 200 - 287ms - IP: ::1","timestamp":"2026-06-29 03:11:29"}
{"level":"info","message":"GET /api/candidates/reports?reportType=district&gender=All&city=All&preferredExamCity=Sialkot&district=All&course=All&startDate=&endDate= 200 - 392ms - IP: ::1","timestamp":"2026-06-29 03:11:30"}
{"level":"info","message":"GET /api/candidates?page=1&limit=50&search=&gender=All&city=All&preferredExamCity=Sialkot&district=All&tehsil=All&institute=All&batch=All&verification=All&course=All&startDate=&endDate=&sortBy=createdAt&sortOrder=desc&showDeleted=false&slipGenerated=false 200 - 564ms - IP: ::1","timestamp":"2026-06-29 03:11:30"}
{"level":"info","message":"GET /api/candidates/reports?reportType=course&gender=All&city=All&preferredExamCity=Islamabad&district=All&course=All&startDate=&endDate= 200 - 278ms - IP: ::1","timestamp":"2026-06-29 03:11:41"}
{"level":"info","message":"GET /api/candidates/reports?reportType=custom&groupBy=gender&gender=All&city=All&preferredExamCity=Islamabad&district=All&course=All&startDate=&endDate= 200 - 281ms - IP: ::1","timestamp":"2026-06-29 03:11:41"}
{"level":"info","message":"GET /api/candidates/reports?reportType=district&gender=All&city=All&preferredExamCity=Islamabad&district=All&course=All&startDate=&endDate= 200 - 282ms - IP: ::1","timestamp":"2026-06-29 03:11:41"}
{"level":"info","message":"GET /api/candidates?page=1&limit=50&search=&gender=All&city=All&preferredExamCity=Islamabad&district=All&tehsil=All&institute=All&batch=All&verification=All&course=All&startDate=&endDate=&sortBy=createdAt&sortOrder=desc&showDeleted=false&slipGenerated=false 200 - 451ms - IP: ::1","timestamp":"2026-06-29 03:11:41"}
{"level":"info","message":"GET /api/candidates/reports?reportType=custom&groupBy=gender&gender=All&city=All&preferredExamCity=Faisalabad&district=All&course=All&startDate=&endDate= 200 - 300ms - IP: ::1","timestamp":"2026-06-29 03:11:47"}
{"level":"info","message":"GET /api/candidates/reports?reportType=district&gender=All&city=All&preferredExamCity=Faisalabad&district=All&course=All&startDate=&endDate= 200 - 308ms - IP: ::1","timestamp":"2026-06-29 03:11:47"}
{"level":"info","message":"GET /api/candidates/reports?reportType=course&gender=All&city=All&preferredExamCity=Faisalabad&district=All&course=All&startDate=&endDate= 200 - 425ms - IP: ::1","timestamp":"2026-06-29 03:11:47"}
{"level":"info","message":"GET /api/candidates?page=1&limit=50&search=&gender=All&city=All&preferredExamCity=Faisalabad&district=All&tehsil=All&institute=All&batch=All&verification=All&course=All&startDate=&endDate=&sortBy=createdAt&sortOrder=desc&showDeleted=false&slipGenerated=false 200 - 626ms - IP: ::1","timestamp":"2026-06-29 03:11:48"}
{"level":"info","message":"GET /api/candidates?page=1&limit=50&search=&gender=All&city=All&preferredExamCity=Faisalabad&district=All&tehsil=All&institute=All&batch=All&verification=All&course=All&startDate=&endDate=&sortBy=createdAt&sortOrder=desc&showDeleted=false&slipGenerated=false 200 - 399ms - IP: ::1","timestamp":"2026-06-29 03:12:47"}
{"level":"info","message":"GET /api/candidates?page=1&limit=50&search=&gender=All&city=All&preferredExamCity=Faisalabad&district=All&tehsil=All&institute=All&batch=All&verification=All&course=All&startDate=&endDate=&sortBy=createdAt&sortOrder=desc&showDeleted=false&slipGenerated=false 200 - 2ms - IP: ::1","timestamp":"2026-06-29 03:12:53"}
{"level":"info","message":"GET /api/dashboard/stats 200 - 1ms - IP: ::1","timestamp":"2026-06-29 03:12:53"}
{"level":"info","message":"GET /api/dashboard/stats 200 - 247ms - IP: ::1","timestamp":"2026-06-29 03:18:22"}
{"level":"info","message":"GET /api/candidates?page=1&limit=50&search=&gender=All&city=All&preferredExamCity=Faisalabad&district=All&tehsil=All&institute=All&batch=All&verification=All&course=All&startDate=&endDate=&sortBy=createdAt&sortOrder=desc&showDeleted=false&slipGenerated=false 200 - 523ms - IP: ::1","timestamp":"2026-06-29 03:18:22"}
{"level":"info","message":"GET /api/candidates?page=1&limit=50&search=&gender=All&city=All&preferredExamCity=All&district=All&tehsil=All&institute=All&batch=All&verification=All&course=All&startDate=&endDate=&sortBy=createdAt&sortOrder=desc&showDeleted=false&slipGenerated=false 200 - 334ms - IP: ::1","timestamp":"2026-06-29 03:18:26"}
{"level":"info","message":"GET /api/candidates?page=1&limit=50&search=3520204635828&gender=All&city=All&preferredExamCity=All&district=All&tehsil=All&institute=All&batch=All&verification=All&course=All&startDate=&endDate=&sortBy=createdAt&sortOrder=desc&showDeleted=false&slipGenerated=false 200 - 167ms - IP: ::1","timestamp":"2026-06-29 03:18:28"}
{"level":"info","message":"GET /api/candidates?page=1&limit=50&search=352020463582&gender=All&city=All&preferredExamCity=All&district=All&tehsil=All&institute=All&batch=All&verification=All&course=All&startDate=&endDate=&sortBy=createdAt&sortOrder=desc&showDeleted=false&slipGenerated=false 200 - 161ms - IP: ::1","timestamp":"2026-06-29 03:18:33"}
{"level":"info","message":"GET /api/candidates?page=1&limit=50&search=&gender=All&city=All&preferredExamCity=All&district=All&tehsil=All&institute=All&batch=All&verification=All&course=All&startDate=&endDate=&sortBy=createdAt&sortOrder=desc&showDeleted=false&slipGenerated=false 200 - 3ms - IP: ::1","timestamp":"2026-06-29 03:18:33"}
{"level":"info","message":"GET /api/dashboard/stats 200 - 194ms - IP: ::1","timestamp":"2026-06-29 03:23:36"}
{"level":"info","message":"GET /api/candidates?page=1&limit=50&search=&gender=All&city=All&preferredExamCity=All&district=All&tehsil=All&institute=All&batch=All&verification=All&course=All&startDate=&endDate=&sortBy=createdAt&sortOrder=desc&showDeleted=false&slipGenerated=false 200 - 376ms - IP: ::1","timestamp":"2026-06-29 03:23:37"}
{"level":"info","message":"GET /api/candidates?page=1&limit=50&search=3320201523781&gender=All&city=All&preferredExamCity=All&district=All&tehsil=All&institute=All&batch=All&verification=All&course=All&startDate=&endDate=&sortBy=createdAt&sortOrder=desc&showDeleted=false&slipGenerated=false 200 - 170ms - IP: ::1","timestamp":"2026-06-29 03:23:43"}
{"level":"warn","message":"⚠️ Redis Connection Failed: connect ECONNREFUSED 127.0.0.1:6379. Using In-Memory fallback cache.","timestamp":"2026-06-29 04:45:30"}
{"level":"info","message":"✓ Master Database Connected (hunarmand-prd)","timestamp":"2026-06-29 04:45:32"}
{"level":"info","message":"✓ Primary MongoDB Connected: hunarmand-punjab-shard-00-02.7dbsn.mongodb.net","timestamp":"2026-06-29 04:45:33"}
{"level":"info","message":"✓ Server running on port 5001 in [production] mode","timestamp":"2026-06-29 04:45:33"}
{"level":"warn","message":"⚠️ Redis Connection Failed: connect ECONNREFUSED 127.0.0.1:6379. Using In-Memory fallback cache.","timestamp":"2026-06-29 04:45:45"}
{"level":"info","message":"✓ Master Database Connected (hunarmand-prd)","timestamp":"2026-06-29 04:45:48"}
{"level":"info","message":"✓ Primary MongoDB Connected: hunarmand-punjab-shard-00-01.7dbsn.mongodb.net","timestamp":"2026-06-29 04:45:48"}
{"level":"info","message":"✓ Server running on port 5001 in [production] mode","timestamp":"2026-06-29 04:45:48"}
{"level":"info","message":"GET /api/candidates?page=1&limit=50&search=&gender=All&city=All&preferredExamCity=All&district=All&tehsil=All&institute=All&batch=All&verification=All&course=All&startDate=&endDate=&sortBy=createdAt&sortOrder=desc&showDeleted=false&slipGenerated=false 200 - 739ms - IP: ::1","timestamp":"2026-06-29 04:47:58"}
{"level":"info","message":"GET /api/candidates/export/jobs 200 - 896ms - IP: ::1","timestamp":"2026-06-29 04:47:58"}
{"level":"info","message":"GET /api/dashboard/stats 200 - 3477ms - IP: ::1","timestamp":"2026-06-29 04:48:00"}
{"level":"info","message":"GET /api/candidates?page=1&limit=50&search=&gender=All&city=All&preferredExamCity=Lahore+%28nearest+areas%29&district=All&tehsil=All&institute=All&batch=All&verification=All&course=All&startDate=&endDate=&sortBy=createdAt&sortOrder=desc&showDeleted=false&slipGenerated=false 200 - 542ms - IP: ::1","timestamp":"2026-06-29 04:48:10"}
{"level":"info","message":"POST /api/candidates/export 202 - 195ms - IP: ::1","timestamp":"2026-06-29 04:54:57"}
{"level":"info","message":"GET /api/candidates/export/jobs 200 - 166ms - IP: ::1","timestamp":"2026-06-29 04:54:57"}
{"level":"info","message":"GET /api/candidates?page=1&limit=50&search=&gender=All&city=All&preferredExamCity=Lahore+%28nearest+areas%29&district=All&tehsil=All&institute=All&batch=All&verification=All&course=All&startDate=&endDate=&sortBy=createdAt&sortOrder=desc&showDeleted=false&slipGenerated=false 200 - 325ms - IP: ::1","timestamp":"2026-06-29 04:54:57"}
{"level":"info","message":"GET /api/candidates/export/jobs 200 - 164ms - IP: ::1","timestamp":"2026-06-29 04:55:00"}
{"level":"info","message":"✓ Export Job 6a425d11c1118b826a702d0a completed successfully. 1868 records exported.","timestamp":"2026-06-29 04:55:03"}
{"level":"info","message":"GET /api/candidates/export/jobs 200 - 159ms - IP: ::1","timestamp":"2026-06-29 04:55:03"}
{"level":"info","message":"GET /api/candidates?page=1&limit=50&search=&gender=All&city=All&preferredExamCity=All&district=All&tehsil=All&institute=All&batch=All&verification=All&course=All&startDate=&endDate=&sortBy=createdAt&sortOrder=desc&showDeleted=false&slipGenerated=false 200 - 334ms - IP: ::1","timestamp":"2026-06-29 04:55:07"}
{"level":"info","message":"GET /api/candidates?page=1&limit=50&search=&gender=All&city=All&preferredExamCity=All&district=All&tehsil=All&institute=All&batch=All&verification=All&course=All&startDate=&endDate=&sortBy=createdAt&sortOrder=desc&showDeleted=false&slipGenerated=false 200 - 14ms - IP: ::1","timestamp":"2026-06-29 04:55:11"}
{"level":"info","message":"GET /api/dashboard/stats 200 - 2ms - IP: ::1","timestamp":"2026-06-29 04:55:12"}
{"level":"info","message":"GET /api/candidates?page=1&limit=50&search=&gender=All&city=All&preferredExamCity=All&district=All&tehsil=All&institute=All&batch=All&verification=All&course=All&startDate=&endDate=&sortBy=createdAt&sortOrder=desc&showDeleted=false&slipGenerated=false 200 - 4ms - IP: ::1","timestamp":"2026-06-29 04:55:14"}
{"level":"info","message":"POST /api/candidates/export 202 - 222ms - IP: ::1","timestamp":"2026-06-29 04:55:18"}
{"level":"info","message":"GET /api/candidates?page=1&limit=50&search=&gender=All&city=All&preferredExamCity=All&district=All&tehsil=All&institute=All&batch=All&verification=All&course=All&startDate=&endDate=&sortBy=createdAt&sortOrder=desc&showDeleted=false&slipGenerated=false 200 - 7ms - IP: ::1","timestamp":"2026-06-29 04:55:18"}
{"level":"info","message":"GET /api/candidates/export/jobs 200 - 204ms - IP: ::1","timestamp":"2026-06-29 04:55:18"}
{"level":"info","message":"GET /api/candidates/export/jobs 200 - 588ms - IP: ::1","timestamp":"2026-06-29 04:55:22"}
{"level":"info","message":"GET /api/candidates/export/jobs 200 - 184ms - IP: ::1","timestamp":"2026-06-29 04:55:25"}
{"level":"info","message":"✓ Export Job 6a425d26c1118b826a702d0b completed successfully. 3352 records exported.","timestamp":"2026-06-29 04:55:27"}
{"level":"info","message":"GET /api/candidates/export/jobs 200 - 166ms - IP: ::1","timestamp":"2026-06-29 04:55:28"}
{"level":"info","message":"GET /api/candidates/exports/download/export_6a425d26c1118b826a702d0b_1782734118835.xlsx?token=eyJhbGciOiJIUzI1NiIsInR5cCI6IkpXVCJ9.eyJ1c2VybmFtZSI6ImFkbWluIiwicm9sZSI6InN1cGVyYWRtaW4iLCJwZXJtaXNzaW9ucyI6WyJleHBvcnQiXSwiaWF0IjoxNzgyMTk5OTI1LCJleHAiOjE3ODQ3OTE5MjV9.Q4ntH9BPSOYSTWRMJW9qnpNHhFvZAOrAOmV6e7GXf8Y 200 - 32ms - IP: ::1","timestamp":"2026-06-29 04:55:39"}
{"level":"info","message":"GET /api/candidates?page=1&limit=50&search=&gender=All&city=All&preferredExamCity=Lahore+%28nearest+areas%29&district=All&tehsil=All&institute=All&batch=All&verification=All&course=All&startDate=&endDate=&sortBy=createdAt&sortOrder=desc&showDeleted=false&slipGenerated=false 200 - 566ms - IP: ::1","timestamp":"2026-06-29 04:55:46"}
{"level":"info","message":"GET /api/candidates?page=1&limit=50&search=&gender=All&city=All&preferredExamCity=Lahore+%28nearest+areas%29&district=All&tehsil=All&institute=All&batch=All&verification=All&course=All&startDate=&endDate=&sortBy=createdAt&sortOrder=desc&showDeleted=false&slipGenerated=false 200 - 2ms - IP: ::1","timestamp":"2026-06-29 04:55:49"}
{"level":"info","message":"GET /api/candidates/attendance 200 - 163ms - IP: ::1","timestamp":"2026-06-29 04:55:49"}
{"level":"info","message":"GET /api/candidates/attendance 200 - 160ms - IP: ::1","timestamp":"2026-06-29 04:55:49"}
{"level":"info","message":"GET /api/candidates?page=1&limit=50&search=&gender=All&city=All&preferredExamCity=Lahore+%28nearest+areas%29&district=All&tehsil=All&institute=All&batch=All&verification=All&course=All&startDate=&endDate=&sortBy=createdAt&sortOrder=desc&showDeleted=false&slipGenerated=false 200 - 3ms - IP: ::1","timestamp":"2026-06-29 04:55:51"}
{"level":"info","message":"GET /api/candidates/reports?reportType=course&gender=All&city=All&preferredExamCity=Lahore+%28nearest+areas%29&district=All&course=All&startDate=&endDate= 200 - 317ms - IP: ::1","timestamp":"2026-06-29 04:55:52"}
{"level":"info","message":"GET /api/candidates/reports?reportType=custom&groupBy=course&gender=All&city=All&preferredExamCity=Lahore+%28nearest+areas%29&district=All&course=All&startDate=&endDate= 200 - 317ms - IP: ::1","timestamp":"2026-06-29 04:55:52"}
{"level":"info","message":"GET /api/candidates/reports?reportType=district&gender=All&city=All&preferredExamCity=Lahore+%28nearest+areas%29&district=All&course=All&startDate=&endDate= 200 - 526ms - IP: ::1","timestamp":"2026-06-29 04:55:52"}
{"level":"info","message":"GET /api/candidates/reports?reportType=custom&groupBy=gender&gender=All&city=All&preferredExamCity=Lahore+%28nearest+areas%29&district=All&course=All&startDate=&endDate= 200 - 563ms - IP: ::1","timestamp":"2026-06-29 04:56:02"}
{"level":"warn","message":"⚠️ Redis Connection Failed: connect ECONNREFUSED 127.0.0.1:6379. Using In-Memory fallback cache.","timestamp":"2026-06-29 05:01:58"}
{"level":"info","message":"✓ Master Database Connected (hunarmand-prd)","timestamp":"2026-06-29 05:02:00"}
{"level":"info","message":"✓ Primary MongoDB Connected: hunarmand-punjab-shard-00-02.7dbsn.mongodb.net","timestamp":"2026-06-29 05:02:01"}
{"level":"info","message":"✓ Server running on port 5001 in [production] mode","timestamp":"2026-06-29 05:02:01"}
{"level":"info","message":"GET /api/candidates/reports?reportType=custom&groupBy=course&gender=All&city=All&preferredExamCity=Lahore+%28nearest+areas%29&district=All&course=All&startDate=&endDate= 200 - 176ms - IP: ::1","timestamp":"2026-06-29 05:04:29"}
{"level":"warn","message":"⚠️ Redis Connection Failed: connect ECONNREFUSED 127.0.0.1:6379. Using In-Memory fallback cache.","timestamp":"2026-06-29 05:08:43"}
{"level":"info","message":"✓ Master Database Connected (hunarmand-prd)","timestamp":"2026-06-29 05:08:46"}
{"level":"info","message":"✓ Primary MongoDB Connected: hunarmand-punjab-shard-00-00.7dbsn.mongodb.net","timestamp":"2026-06-29 05:08:46"}
{"level":"info","message":"✓ Server running on port 5001 in [production] mode","timestamp":"2026-06-29 05:08:47"}
{"level":"info","message":"GET /api/candidates/export/jobs 200 - 565ms - IP: ::1","timestamp":"2026-06-29 05:08:47"}
{"level":"info","message":"GET /api/candidates?page=1&limit=50&search=&gender=All&city=All&preferredExamCity=All&district=All&tehsil=All&institute=All&batch=All&verification=All&course=All&startDate=&endDate=&sortBy=createdAt&sortOrder=desc&showDeleted=false&slipGenerated=false 200 - 759ms - IP: ::1","timestamp":"2026-06-29 05:08:47"}
{"level":"info","message":"GET /api/dashboard/stats 200 - 1387ms - IP: ::1","timestamp":"2026-06-29 05:08:48"}
{"level":"warn","message":"⚠️ Redis Connection Failed: connect ECONNREFUSED 127.0.0.1:6379. Using In-Memory fallback cache.","timestamp":"2026-06-29 05:09:15"}
{"level":"info","message":"✓ Master Database Connected (hunarmand-prd)","timestamp":"2026-06-29 05:09:17"}
{"level":"info","message":"✓ Primary MongoDB Connected: hunarmand-punjab-shard-00-02.7dbsn.mongodb.net","timestamp":"2026-06-29 05:09:17"}
{"level":"info","message":"✓ Server running on port 5001 in [production] mode","timestamp":"2026-06-29 05:09:17"}
{"level":"info","message":"GET /api/candidates?page=1&limit=50&search=&gender=All&city=All&preferredExamCity=All&district=All&tehsil=All&institute=All&batch=All&verification=All&course=All&startDate=&endDate=&sortBy=createdAt&sortOrder=desc&showDeleted=false&slipGenerated=false 200 - 397ms - IP: ::1","timestamp":"2026-06-29 05:13:28"}
{"level":"info","message":"GET /api/candidates/export/jobs 200 - 508ms - IP: ::1","timestamp":"2026-06-29 05:13:28"}
{"level":"info","message":"GET /api/dashboard/stats 200 - 1316ms - IP: ::1","timestamp":"2026-06-29 05:13:29"}
{"level":"info","message":"GET /api/candidates?page=1&limit=50&search=3530128217483&gender=All&city=All&preferredExamCity=All&district=All&tehsil=All&institute=All&batch=All&verification=All&course=All&startDate=&endDate=&sortBy=createdAt&sortOrder=desc&showDeleted=false&slipGenerated=false 200 - 195ms - IP: ::1","timestamp":"2026-06-29 05:16:24"}
{"level":"warn","message":"⚠️ Redis Connection Failed: connect ECONNREFUSED 127.0.0.1:6379. Using In-Memory fallback cache.","timestamp":"2026-06-29 05:18:33"}
{"level":"info","message":"✓ Master Database Connected (hunarmand-prd)","timestamp":"2026-06-29 05:18:35"}
{"level":"info","message":"✓ Primary MongoDB Connected: hunarmand-punjab-shard-00-02.7dbsn.mongodb.net","timestamp":"2026-06-29 05:18:35"}
{"level":"info","message":"✓ Server running on port 5001 in [production] mode","timestamp":"2026-06-29 05:18:35"}
{"level":"info","message":"GET /api/candidates?page=1&limit=50&search=3510222886821&gender=All&city=All&preferredExamCity=All&district=All&tehsil=All&institute=All&batch=All&verification=All&course=All&startDate=&endDate=&sortBy=createdAt&sortOrder=desc&showDeleted=false&slipGenerated=false 200 - 283ms - IP: ::1","timestamp":"2026-06-29 05:19:56"}
{"level":"info","message":"GET /api/candidates?page=1&limit=50&search=&gender=All&city=All&preferredExamCity=All&district=All&tehsil=All&institute=All&batch=All&verification=All&course=All&startDate=&endDate=&sortBy=createdAt&sortOrder=desc&showDeleted=false&slipGenerated=false 200 - 459ms - IP: ::1","timestamp":"2026-06-29 05:20:08"}
{"level":"info","message":"POST /api/dashboard/clear-cache 200 - 10ms - IP: ::1","timestamp":"2026-06-29 05:20:13"}
{"level":"info","message":"GET /api/candidates?page=1&limit=50&search=&gender=All&city=All&preferredExamCity=All&district=All&tehsil=All&institute=All&batch=All&verification=All&course=All&startDate=&endDate=&sortBy=createdAt&sortOrder=desc&showDeleted=false&slipGenerated=false 200 - 372ms - IP: ::1","timestamp":"2026-06-29 05:20:14"}
{"level":"info","message":"GET /api/candidates/export/jobs 200 - 432ms - IP: ::1","timestamp":"2026-06-29 05:20:14"}
{"level":"info","message":"GET /api/dashboard/stats 200 - 1258ms - IP: ::1","timestamp":"2026-06-29 05:20:15"}
{"level":"info","message":"POST /api/dashboard/clear-cache 200 - 2ms - IP: ::1","timestamp":"2026-06-29 05:23:35"}
{"level":"info","message":"GET /api/candidates?page=1&limit=50&search=&gender=All&city=All&preferredExamCity=All&district=All&tehsil=All&institute=All&batch=All&verification=All&course=All&startDate=&endDate=&sortBy=createdAt&sortOrder=desc&showDeleted=false&slipGenerated=false 200 - 345ms - IP: ::1","timestamp":"2026-06-29 05:23:35"}
{"level":"info","message":"GET /api/candidates/export/jobs 200 - 331ms - IP: ::1","timestamp":"2026-06-29 05:23:35"}
{"level":"info","message":"GET /api/dashboard/stats 200 - 1213ms - IP: ::1","timestamp":"2026-06-29 05:23:36"}
{"level":"info","message":"GET /api/candidates/reports?reportType=course&gender=All&city=All&preferredExamCity=All&district=All&course=All&startDate=&endDate= 200 - 183ms - IP: ::1","timestamp":"2026-06-29 05:24:21"}
{"level":"info","message":"GET /api/candidates/reports?reportType=custom&groupBy=course&gender=All&city=All&preferredExamCity=All&district=All&course=All&startDate=&endDate= 200 - 184ms - IP: ::1","timestamp":"2026-06-29 05:24:21"}
{"level":"info","message":"GET /api/candidates?page=1&limit=50&search=&gender=All&city=All&preferredExamCity=All&district=All&tehsil=All&institute=All&batch=All&verification=All&course=All&startDate=&endDate=&sortBy=createdAt&sortOrder=desc&showDeleted=false&slipGenerated=false 200 - 350ms - IP: ::1","timestamp":"2026-06-29 05:24:21"}
{"level":"info","message":"GET /api/candidates/reports?reportType=district&gender=All&city=All&preferredExamCity=All&district=All&course=All&startDate=&endDate= 200 - 505ms - IP: ::1","timestamp":"2026-06-29 05:24:22"}
{"level":"info","message":"GET /api/candidates/reports?reportType=course&gender=All&city=All&preferredExamCity=Lahore+%28nearest+areas%29&district=All&course=All&startDate=&endDate= 200 - 176ms - IP: ::1","timestamp":"2026-06-29 05:24:38"}
{"level":"info","message":"GET /api/candidates/reports?reportType=custom&groupBy=course&gender=All&city=All&preferredExamCity=Lahore+%28nearest+areas%29&district=All&course=All&startDate=&endDate= 200 - 182ms - IP: ::1","timestamp":"2026-06-29 05:24:38"}
{"level":"info","message":"GET /api/candidates?page=1&limit=50&search=&gender=All&city=All&preferredExamCity=Lahore+%28nearest+areas%29&district=All&tehsil=All&institute=All&batch=All&verification=All&course=All&startDate=&endDate=&sortBy=createdAt&sortOrder=desc&showDeleted=false&slipGenerated=false 200 - 366ms - IP: ::1","timestamp":"2026-06-29 05:24:38"}
{"level":"info","message":"GET /api/candidates/reports?reportType=district&gender=All&city=All&preferredExamCity=Lahore+%28nearest+areas%29&district=All&course=All&startDate=&endDate= 200 - 417ms - IP: ::1","timestamp":"2026-06-29 05:24:38"}
{"level":"info","message":"GET /api/candidates/reports?reportType=custom&groupBy=gender&gender=All&city=All&preferredExamCity=Lahore+%28nearest+areas%29&district=All&course=All&startDate=&endDate= 200 - 175ms - IP: ::1","timestamp":"2026-06-29 05:24:52"}
{"level":"info","message":"POST /api/dashboard/clear-cache 200 - 1ms - IP: ::1","timestamp":"2026-06-29 05:26:19"}
{"level":"info","message":"POST /api/dashboard/clear-cache 200 - 3ms - IP: ::1","timestamp":"2026-06-29 05:26:19"}
{"level":"info","message":"GET /api/candidates?page=1&limit=50&search=&gender=All&city=All&preferredExamCity=Lahore+%28nearest+areas%29&district=All&tehsil=All&institute=All&batch=All&verification=All&course=All&startDate=&endDate=&sortBy=createdAt&sortOrder=desc&showDeleted=false&slipGenerated=false 200 - 323ms - IP: ::1","timestamp":"2026-06-29 05:26:19"}
{"level":"info","message":"GET /api/candidates/export/jobs 200 - 312ms - IP: ::1","timestamp":"2026-06-29 05:26:19"}
{"level":"info","message":"GET /api/candidates?page=1&limit=50&search=&gender=All&city=All&preferredExamCity=Lahore+%28nearest+areas%29&district=All&tehsil=All&institute=All&batch=All&verification=All&course=All&startDate=&endDate=&sortBy=createdAt&sortOrder=desc&showDeleted=false&slipGenerated=false 200 - 2ms - IP: ::1","timestamp":"2026-06-29 05:26:19"}
{"level":"info","message":"GET /api/candidates/export/jobs 200 - 207ms - IP: ::1","timestamp":"2026-06-29 05:26:19"}
{"level":"info","message":"GET /api/dashboard/stats 200 - 2285ms - IP: ::1","timestamp":"2026-06-29 05:26:21"}
{"level":"info","message":"GET /api/dashboard/stats 200 - 1ms - IP: ::1","timestamp":"2026-06-29 05:26:21"}
{"level":"warn","message":"⚠️ Redis Connection Failed: connect ECONNREFUSED 127.0.0.1:6379. Using In-Memory fallback cache.","timestamp":"2026-06-29 05:28:02"}
{"level":"info","message":"✓ Master Database Connected (hunarmand-prd)","timestamp":"2026-06-29 05:28:04"}
{"level":"info","message":"✓ Primary MongoDB Connected: hunarmand-punjab-shard-00-00.7dbsn.mongodb.net","timestamp":"2026-06-29 05:28:05"}
{"level":"info","message":"✓ Server running on port 5001 in [production] mode","timestamp":"2026-06-29 05:28:05"}
{"level":"info","message":"GET /api/candidates/export/jobs 200 - 372ms - IP: ::1","timestamp":"2026-06-29 05:30:20"}
{"level":"info","message":"GET /api/candidates?page=1&limit=50&search=&gender=All&city=All&preferredExamCity=All&district=All&tehsil=All&institute=All&batch=All&verification=All&course=All&startDate=&endDate=&sortBy=createdAt&sortOrder=desc&showDeleted=false&slipGenerated=false 200 - 597ms - IP: ::1","timestamp":"2026-06-29 05:30:21"}
{"level":"info","message":"GET /api/dashboard/stats 200 - 1283ms - IP: ::1","timestamp":"2026-06-29 05:30:21"}
{"level":"info","message":"POST /api/dashboard/clear-cache 200 - 2ms - IP: ::1","timestamp":"2026-06-29 05:30:24"}
{"level":"info","message":"GET /api/candidates?page=1&limit=50&search=&gender=All&city=All&preferredExamCity=All&district=All&tehsil=All&institute=All&batch=All&verification=All&course=All&startDate=&endDate=&sortBy=createdAt&sortOrder=desc&showDeleted=false&slipGenerated=false 200 - 387ms - IP: ::1","timestamp":"2026-06-29 05:30:24"}
{"level":"info","message":"GET /api/candidates/export/jobs 200 - 371ms - IP: ::1","timestamp":"2026-06-29 05:30:24"}
{"level":"info","message":"GET /api/dashboard/stats 200 - 970ms - IP: ::1","timestamp":"2026-06-29 05:30:25"}
{"level":"info","message":"POST /api/dashboard/clear-cache 200 - 1ms - IP: ::1","timestamp":"2026-06-29 05:31:30"}
{"level":"info","message":"GET /api/candidates/export/jobs 200 - 382ms - IP: ::1","timestamp":"2026-06-29 05:31:30"}
{"level":"info","message":"GET /api/candidates?page=1&limit=50&search=&gender=All&city=All&preferredExamCity=All&district=All&tehsil=All&institute=All&batch=All&verification=All&course=All&startDate=&endDate=&sortBy=createdAt&sortOrder=desc&showDeleted=false&slipGenerated=false 200 - 454ms - IP: ::1","timestamp":"2026-06-29 05:31:30"}
{"level":"info","message":"GET /api/dashboard/stats 200 - 1339ms - IP: ::1","timestamp":"2026-06-29 05:31:31"}
{"level":"info","message":"GET /api/candidates?page=1&limit=50&search=&gender=All&city=All&preferredExamCity=All&district=All&tehsil=All&institute=All&batch=All&verification=All&course=All&startDate=&endDate=&sortBy=createdAt&sortOrder=desc&showDeleted=false&slipGenerated=false 200 - 3ms - IP: ::1","timestamp":"2026-06-29 05:31:34"}
{"level":"info","message":"GET /api/dashboard/stats 200 - 2ms - IP: ::1","timestamp":"2026-06-29 05:31:34"}
{"level":"info","message":"GET /api/candidates/export/jobs 200 - 159ms - IP: ::1","timestamp":"2026-06-29 05:31:34"}
{"level":"info","message":"GET /api/dashboard/stats 200 - 2ms - IP: ::1","timestamp":"2026-06-29 05:33:44"}
{"level":"info","message":"GET /api/candidates/export/jobs 200 - 172ms - IP: ::1","timestamp":"2026-06-29 05:40:09"}
{"level":"info","message":"GET /api/candidates?page=1&limit=50&search=&gender=All&city=All&preferredExamCity=All&district=All&tehsil=All&institute=All&batch=All&verification=All&course=All&startDate=&endDate=&sortBy=createdAt&sortOrder=desc&showDeleted=false&slipGenerated=false 200 - 344ms - IP: ::1","timestamp":"2026-06-29 05:40:09"}
{"level":"info","message":"GET /api/candidates/reports?reportType=slipGeneratedByCourse 200 - 308ms - IP: ::1","timestamp":"2026-06-29 05:43:44"}
{"level":"info","message":"GET /api/candidates?page=1&limit=50&search=&gender=All&city=All&preferredExamCity=All&district=All&tehsil=All&institute=All&batch=All&verification=All&course=All&startDate=&endDate=&sortBy=createdAt&sortOrder=desc&showDeleted=false&slipGenerated=true 200 - 438ms - IP: ::1","timestamp":"2026-06-29 05:43:44"}
{"level":"info","message":"GET /api/candidates?page=1&limit=50&search=&gender=All&city=All&preferredExamCity=All&district=All&tehsil=All&institute=All&batch=All&verification=All&course=All&startDate=&endDate=&sortBy=createdAt&sortOrder=desc&showDeleted=false&slipGenerated=false 200 - 314ms - IP: ::1","timestamp":"2026-06-29 05:44:03"}
{"level":"info","message":"POST /api/dashboard/clear-cache 200 - 1ms - IP: ::1","timestamp":"2026-06-29 05:44:09"}
{"level":"info","message":"POST /api/dashboard/clear-cache 200 - 1ms - IP: ::1","timestamp":"2026-06-29 05:44:09"}
{"level":"info","message":"GET /api/candidates/export/jobs 200 - 169ms - IP: ::1","timestamp":"2026-06-29 05:44:09"}
{"level":"info","message":"GET /api/candidates?page=1&limit=50&search=&gender=All&city=All&preferredExamCity=All&district=All&tehsil=All&institute=All&batch=All&verification=All&course=All&startDate=&endDate=&sortBy=createdAt&sortOrder=desc&showDeleted=false&slipGenerated=false 200 - 322ms - IP: ::1","timestamp":"2026-06-29 05:44:09"}
{"level":"info","message":"GET /api/candidates?page=1&limit=50&search=&gender=All&city=All&preferredExamCity=All&district=All&tehsil=All&institute=All&batch=All&verification=All&course=All&startDate=&endDate=&sortBy=createdAt&sortOrder=desc&showDeleted=false&slipGenerated=false 200 - 5ms - IP: ::1","timestamp":"2026-06-29 05:44:09"}
{"level":"info","message":"GET /api/candidates/export/jobs 200 - 379ms - IP: ::1","timestamp":"2026-06-29 05:44:09"}
{"level":"info","message":"GET /api/dashboard/stats 200 - 2922ms - IP: ::1","timestamp":"2026-06-29 05:44:12"}
{"level":"info","message":"GET /api/dashboard/stats 200 - 1ms - IP: ::1","timestamp":"2026-06-29 05:44:12"}
{"level":"info","message":"GET /api/dashboard/stats 200 - 1ms - IP: ::1","timestamp":"2026-06-29 05:44:34"}
{"level":"info","message":"GET /api/candidates/export/jobs 200 - 157ms - IP: ::1","timestamp":"2026-06-29 05:44:34"}
{"level":"info","message":"GET /api/candidates?page=1&limit=50&search=&gender=All&city=All&preferredExamCity=All&district=All&tehsil=All&institute=All&batch=All&verification=All&course=All&startDate=&endDate=&sortBy=createdAt&sortOrder=desc&showDeleted=false&slipGenerated=false 200 - 326ms - IP: ::1","timestamp":"2026-06-29 05:44:34"}
{"level":"info","message":"POST /api/dashboard/clear-cache 200 - 1ms - IP: ::1","timestamp":"2026-06-29 05:44:41"}
{"level":"info","message":"GET /api/candidates/export/jobs 200 - 156ms - IP: ::1","timestamp":"2026-06-29 05:44:41"}
{"level":"info","message":"GET /api/candidates?page=1&limit=50&search=&gender=All&city=All&preferredExamCity=All&district=All&tehsil=All&institute=All&batch=All&verification=All&course=All&startDate=&endDate=&sortBy=createdAt&sortOrder=desc&showDeleted=false&slipGenerated=false 200 - 314ms - IP: ::1","timestamp":"2026-06-29 05:44:41"}
{"level":"info","message":"GET /api/dashboard/stats 200 - 3155ms - IP: ::1","timestamp":"2026-06-29 05:44:44"}
{"level":"info","message":"POST /api/dashboard/clear-cache 200 - 1ms - IP: ::1","timestamp":"2026-06-29 05:45:54"}
{"level":"info","message":"GET /api/candidates/export/jobs 200 - 288ms - IP: ::1","timestamp":"2026-06-29 05:45:54"}
{"level":"info","message":"GET /api/candidates?page=1&limit=50&search=&gender=All&city=All&preferredExamCity=All&district=All&tehsil=All&institute=All&batch=All&verification=All&course=All&startDate=&endDate=&sortBy=createdAt&sortOrder=desc&showDeleted=false&slipGenerated=false 200 - 335ms - IP: ::1","timestamp":"2026-06-29 05:45:54"}
{"level":"info","message":"GET /api/dashboard/stats 200 - 5631ms - IP: ::1","timestamp":"2026-06-29 05:45:59"}
{"level":"info","message":"GET /api/candidates?page=1&limit=50&search=&gender=All&city=All&preferredExamCity=All&district=All&tehsil=All&institute=All&batch=All&verification=All&course=All&startDate=&endDate=&sortBy=createdAt&sortOrder=desc&showDeleted=false&slipGenerated=false 200 - 2ms - IP: ::1","timestamp":"2026-06-29 05:46:05"}
{"level":"info","message":"GET /api/candidates/reports?reportType=course&gender=All&city=All&preferredExamCity=All&district=All&course=All&startDate=&endDate= 200 - 162ms - IP: ::1","timestamp":"2026-06-29 05:46:05"}
{"level":"info","message":"GET /api/candidates/reports?reportType=custom&groupBy=course&gender=All&city=All&preferredExamCity=All&district=All&course=All&startDate=&endDate= 200 - 169ms - IP: ::1","timestamp":"2026-06-29 05:46:05"}
{"level":"info","message":"GET /api/candidates/reports?reportType=district&gender=All&city=All&preferredExamCity=All&district=All&course=All&startDate=&endDate= 200 - 502ms - IP: ::1","timestamp":"2026-06-29 05:46:05"}
{"level":"info","message":"GET /api/candidates/reports?reportType=course&gender=All&city=All&preferredExamCity=Faisalabad&district=All&course=All&startDate=&endDate= 200 - 188ms - IP: ::1","timestamp":"2026-06-29 05:46:20"}
{"level":"info","message":"GET /api/candidates/reports?reportType=district&gender=All&city=All&preferredExamCity=Faisalabad&district=All&course=All&startDate=&endDate= 200 - 199ms - IP: ::1","timestamp":"2026-06-29 05:46:20"}
{"level":"info","message":"GET /api/candidates/reports?reportType=custom&groupBy=course&gender=All&city=All&preferredExamCity=Faisalabad&district=All&course=All&startDate=&endDate= 200 - 283ms - IP: ::1","timestamp":"2026-06-29 05:46:20"}
{"level":"info","message":"GET /api/candidates?page=1&limit=50&search=&gender=All&city=All&preferredExamCity=Faisalabad&district=All&tehsil=All&institute=All&batch=All&verification=All&course=All&startDate=&endDate=&sortBy=createdAt&sortOrder=desc&showDeleted=false&slipGenerated=false 200 - 338ms - IP: ::1","timestamp":"2026-06-29 05:46:20"}
{"level":"info","message":"GET /api/candidates?page=1&limit=50&search=&gender=All&city=All&preferredExamCity=All&district=All&tehsil=All&institute=All&batch=All&verification=All&course=All&startDate=&endDate=&sortBy=createdAt&sortOrder=desc&showDeleted=false&slipGenerated=false 200 - 2ms - IP: ::1","timestamp":"2026-06-29 05:46:22"}
{"level":"info","message":"GET /api/candidates/reports?reportType=custom&groupBy=course&gender=All&city=All&preferredExamCity=All&district=All&course=All&startDate=&endDate= 200 - 179ms - IP: ::1","timestamp":"2026-06-29 05:46:23"}
{"level":"info","message":"GET /api/candidates/reports?reportType=course&gender=All&city=All&preferredExamCity=All&district=All&course=All&startDate=&endDate= 200 - 198ms - IP: ::1","timestamp":"2026-06-29 05:46:23"}
{"level":"info","message":"GET /api/candidates/reports?reportType=district&gender=All&city=All&preferredExamCity=All&district=All&course=All&startDate=&endDate= 200 - 481ms - IP: ::1","timestamp":"2026-06-29 05:46:23"}
{"level":"info","message":"GET /api/candidates/reports?reportType=custom&groupBy=course&gender=All&city=All&preferredExamCity=Lahore+%28nearest+areas%29&district=All&course=All&startDate=&endDate= 200 - 160ms - IP: ::1","timestamp":"2026-06-29 05:46:27"}
{"level":"info","message":"GET /api/candidates/reports?reportType=course&gender=All&city=All&preferredExamCity=Lahore+%28nearest+areas%29&district=All&course=All&startDate=&endDate= 200 - 265ms - IP: ::1","timestamp":"2026-06-29 05:46:27"}
{"level":"info","message":"GET /api/candidates?page=1&limit=50&search=&gender=All&city=All&preferredExamCity=Lahore+%28nearest+areas%29&district=All&tehsil=All&institute=All&batch=All&verification=All&course=All&startDate=&endDate=&sortBy=createdAt&sortOrder=desc&showDeleted=false&slipGenerated=false 200 - 316ms - IP: ::1","timestamp":"2026-06-29 05:46:27"}
{"level":"info","message":"GET /api/candidates/reports?reportType=district&gender=All&city=All&preferredExamCity=Lahore+%28nearest+areas%29&district=All&course=All&startDate=&endDate= 200 - 354ms - IP: ::1","timestamp":"2026-06-29 05:46:27"}
{"level":"info","message":"POST /api/dashboard/clear-cache 200 - 1ms - IP: ::1","timestamp":"2026-06-29 05:49:25"}
{"level":"info","message":"POST /api/dashboard/clear-cache 200 - 1ms - IP: ::1","timestamp":"2026-06-29 05:49:25"}
{"level":"info","message":"GET /api/dashboard/stats 200 - 226ms - IP: ::1","timestamp":"2026-06-29 05:49:26"}
{"level":"info","message":"GET /api/dashboard/stats 200 - 1ms - IP: ::1","timestamp":"2026-06-29 05:49:26"}
{"level":"info","message":"GET /api/candidates?page=1&limit=50&search=&gender=All&city=All&preferredExamCity=Lahore+%28nearest+areas%29&district=All&tehsil=All&institute=All&batch=All&verification=All&course=All&startDate=&endDate=&sortBy=createdAt&sortOrder=desc&showDeleted=false&slipGenerated=false 200 - 443ms - IP: ::1","timestamp":"2026-06-29 05:49:26"}
{"level":"info","message":"GET /api/candidates?page=1&limit=50&search=&gender=All&city=All&preferredExamCity=Lahore+%28nearest+areas%29&district=All&tehsil=All&institute=All&batch=All&verification=All&course=All&startDate=&endDate=&sortBy=createdAt&sortOrder=desc&showDeleted=false&slipGenerated=false 200 - 2ms - IP: ::1","timestamp":"2026-06-29 05:49:26"}
{"level":"info","message":"GET /api/candidates/export/jobs 200 - 1294ms - IP: ::1","timestamp":"2026-06-29 05:49:27"}
{"level":"info","message":"GET /api/candidates/export/jobs 200 - 153ms - IP: ::1","timestamp":"2026-06-29 05:49:27"}
{"level":"warn","message":"⚠️ Redis Connection Failed: connect ECONNREFUSED 127.0.0.1:6379. Using In-Memory fallback cache.","timestamp":"2026-06-29 23:44:19"}
{"level":"info","message":"✓ Primary MongoDB Connected: hunarmand-punjab-shard-00-02.7dbsn.mongodb.net","timestamp":"2026-06-29 23:44:20"}
{"level":"info","message":"✓ Server running on port 5001 in [production] mode","timestamp":"2026-06-29 23:44:20"}
{"level":"info","message":"✓ Master Database Connected (hunarmand-prd)","timestamp":"2026-06-29 23:44:20"}
{"level":"error","message":"Not allowed by CORS","stack":"Error: Not allowed by CORS\n    at origin (D:\\Batch 61\\job place working\\Exam Form\\Exam-Form-Backend\\server.js:60:22)\n    at D:\\Batch 61\\job place working\\Exam Form\\Exam-Form-Backend\\node_modules\\cors\\lib\\index.js:219:13\n    at optionsCallback (D:\\Batch 61\\job place working\\Exam Form\\Exam-Form-Backend\\node_modules\\cors\\lib\\index.js:199:9)\n    at corsMiddleware (D:\\Batch 61\\job place working\\Exam Form\\Exam-Form-Backend\\node_modules\\cors\\lib\\index.js:204:7)\n    at Layer.handleRequest (D:\\Batch 61\\job place working\\Exam Form\\Exam-Form-Backend\\node_modules\\router\\lib\\layer.js:152:17)\n    at trimPrefix (D:\\Batch 61\\job place working\\Exam Form\\Exam-Form-Backend\\node_modules\\router\\index.js:342:13)\n    at D:\\Batch 61\\job place working\\Exam Form\\Exam-Form-Backend\\node_modules\\router\\index.js:297:9\n    at processParams (D:\\Batch 61\\job place working\\Exam Form\\Exam-Form-Backend\\node_modules\\router\\index.js:582:12)\n    at next (D:\\Batch 61\\job place working\\Exam Form\\Exam-Form-Backend\\node_modules\\router\\index.js:291:5)\n    at internalNext (D:\\Batch 61\\job place working\\Exam Form\\Exam-Form-Backend\\node_modules\\helmet\\index.cjs:531:6)\n    at xXssProtectionMiddleware (D:\\Batch 61\\job place working\\Exam Form\\Exam-Form-Backend\\node_modules\\helmet\\index.cjs:311:3)\n    at internalNext (D:\\Batch 61\\job place working\\Exam Form\\Exam-Form-Backend\\node_modules\\helmet\\index.cjs:529:6)\n    at xPoweredByMiddleware (D:\\Batch 61\\job place working\\Exam Form\\Exam-Form-Backend\\node_modules\\helmet\\index.cjs:304:3)\n    at internalNext (D:\\Batch 61\\job place working\\Exam Form\\Exam-Form-Backend\\node_modules\\helmet\\index.cjs:529:6)\n    at xPermittedCrossDomainPoliciesMiddleware (D:\\Batch 61\\job place working\\Exam Form\\Exam-Form-Backend\\node_modules\\helmet\\index.cjs:297:3)\n    at internalNext (D:\\Batch 61\\job place working\\Exam Form\\Exam-Form-Backend\\node_modules\\helmet\\index.cjs:529:6)","timestamp":"2026-06-29 23:44:55"}
{"level":"error","message":"Not allowed by CORS","stack":"Error: Not allowed by CORS\n    at origin (D:\\Batch 61\\job place working\\Exam Form\\Exam-Form-Backend\\server.js:60:22)\n    at D:\\Batch 61\\job place working\\Exam Form\\Exam-Form-Backend\\node_modules\\cors\\lib\\index.js:219:13\n    at optionsCallback (D:\\Batch 61\\job place working\\Exam Form\\Exam-Form-Backend\\node_modules\\cors\\lib\\index.js:199:9)\n    at corsMiddleware (D:\\Batch 61\\job place working\\Exam Form\\Exam-Form-Backend\\node_modules\\cors\\lib\\index.js:204:7)\n    at Layer.handleRequest (D:\\Batch 61\\job place working\\Exam Form\\Exam-Form-Backend\\node_modules\\router\\lib\\layer.js:152:17)\n    at trimPrefix (D:\\Batch 61\\job place working\\Exam Form\\Exam-Form-Backend\\node_modules\\router\\index.js:342:13)\n    at D:\\Batch 61\\job place working\\Exam Form\\Exam-Form-Backend\\node_modules\\router\\index.js:297:9\n    at processParams (D:\\Batch 61\\job place working\\Exam Form\\Exam-Form-Backend\\node_modules\\router\\index.js:582:12)\n    at next (D:\\Batch 61\\job place working\\Exam Form\\Exam-Form-Backend\\node_modules\\router\\index.js:291:5)\n    at internalNext (D:\\Batch 61\\job place working\\Exam Form\\Exam-Form-Backend\\node_modules\\helmet\\index.cjs:531:6)\n    at xXssProtectionMiddleware (D:\\Batch 61\\job place working\\Exam Form\\Exam-Form-Backend\\node_modules\\helmet\\index.cjs:311:3)\n    at internalNext (D:\\Batch 61\\job place working\\Exam Form\\Exam-Form-Backend\\node_modules\\helmet\\index.cjs:529:6)\n    at xPoweredByMiddleware (D:\\Batch 61\\job place working\\Exam Form\\Exam-Form-Backend\\node_modules\\helmet\\index.cjs:304:3)\n    at internalNext (D:\\Batch 61\\job place working\\Exam Form\\Exam-Form-Backend\\node_modules\\helmet\\index.cjs:529:6)\n    at xPermittedCrossDomainPoliciesMiddleware (D:\\Batch 61\\job place working\\Exam Form\\Exam-Form-Backend\\node_modules\\helmet\\index.cjs:297:3)\n    at internalNext (D:\\Batch 61\\job place working\\Exam Form\\Exam-Form-Backend\\node_modules\\helmet\\index.cjs:529:6)","timestamp":"2026-06-29 23:45:08"}
{"level":"error","message":"Not allowed by CORS","stack":"Error: Not allowed by CORS\n    at origin (D:\\Batch 61\\job place working\\Exam Form\\Exam-Form-Backend\\server.js:60:22)\n    at D:\\Batch 61\\job place working\\Exam Form\\Exam-Form-Backend\\node_modules\\cors\\lib\\index.js:219:13\n    at optionsCallback (D:\\Batch 61\\job place working\\Exam Form\\Exam-Form-Backend\\node_modules\\cors\\lib\\index.js:199:9)\n    at corsMiddleware (D:\\Batch 61\\job place working\\Exam Form\\Exam-Form-Backend\\node_modules\\cors\\lib\\index.js:204:7)\n    at Layer.handleRequest (D:\\Batch 61\\job place working\\Exam Form\\Exam-Form-Backend\\node_modules\\router\\lib\\layer.js:152:17)\n    at trimPrefix (D:\\Batch 61\\job place working\\Exam Form\\Exam-Form-Backend\\node_modules\\router\\index.js:342:13)\n    at D:\\Batch 61\\job place working\\Exam Form\\Exam-Form-Backend\\node_modules\\router\\index.js:297:9\n    at processParams (D:\\Batch 61\\job place working\\Exam Form\\Exam-Form-Backend\\node_modules\\router\\index.js:582:12)\n    at next (D:\\Batch 61\\job place working\\Exam Form\\Exam-Form-Backend\\node_modules\\router\\index.js:291:5)\n    at internalNext (D:\\Batch 61\\job place working\\Exam Form\\Exam-Form-Backend\\node_modules\\helmet\\index.cjs:531:6)\n    at xXssProtectionMiddleware (D:\\Batch 61\\job place working\\Exam Form\\Exam-Form-Backend\\node_modules\\helmet\\index.cjs:311:3)\n    at internalNext (D:\\Batch 61\\job place working\\Exam Form\\Exam-Form-Backend\\node_modules\\helmet\\index.cjs:529:6)\n    at xPoweredByMiddleware (D:\\Batch 61\\job place working\\Exam Form\\Exam-Form-Backend\\node_modules\\helmet\\index.cjs:304:3)\n    at internalNext (D:\\Batch 61\\job place working\\Exam Form\\Exam-Form-Backend\\node_modules\\helmet\\index.cjs:529:6)\n    at xPermittedCrossDomainPoliciesMiddleware (D:\\Batch 61\\job place working\\Exam Form\\Exam-Form-Backend\\node_modules\\helmet\\index.cjs:297:3)\n    at internalNext (D:\\Batch 61\\job place working\\Exam Form\\Exam-Form-Backend\\node_modules\\helmet\\index.cjs:529:6)","timestamp":"2026-06-29 23:45:18"}
{"level":"error","message":"Not allowed by CORS","stack":"Error: Not allowed by CORS\n    at origin (D:\\Batch 61\\job place working\\Exam Form\\Exam-Form-Backend\\server.js:60:22)\n    at D:\\Batch 61\\job place working\\Exam Form\\Exam-Form-Backend\\node_modules\\cors\\lib\\index.js:219:13\n    at optionsCallback (D:\\Batch 61\\job place working\\Exam Form\\Exam-Form-Backend\\node_modules\\cors\\lib\\index.js:199:9)\n    at corsMiddleware (D:\\Batch 61\\job place working\\Exam Form\\Exam-Form-Backend\\node_modules\\cors\\lib\\index.js:204:7)\n    at Layer.handleRequest (D:\\Batch 61\\job place working\\Exam Form\\Exam-Form-Backend\\node_modules\\router\\lib\\layer.js:152:17)\n    at trimPrefix (D:\\Batch 61\\job place working\\Exam Form\\Exam-Form-Backend\\node_modules\\router\\index.js:342:13)\n    at D:\\Batch 61\\job place working\\Exam Form\\Exam-Form-Backend\\node_modules\\router\\index.js:297:9\n    at processParams (D:\\Batch 61\\job place working\\Exam Form\\Exam-Form-Backend\\node_modules\\router\\index.js:582:12)\n    at next (D:\\Batch 61\\job place working\\Exam Form\\Exam-Form-Backend\\node_modules\\router\\index.js:291:5)\n    at internalNext (D:\\Batch 61\\job place working\\Exam Form\\Exam-Form-Backend\\node_modules\\helmet\\index.cjs:531:6)\n    at xXssProtectionMiddleware (D:\\Batch 61\\job place working\\Exam Form\\Exam-Form-Backend\\node_modules\\helmet\\index.cjs:311:3)\n    at internalNext (D:\\Batch 61\\job place working\\Exam Form\\Exam-Form-Backend\\node_modules\\helmet\\index.cjs:529:6)\n    at xPoweredByMiddleware (D:\\Batch 61\\job place working\\Exam Form\\Exam-Form-Backend\\node_modules\\helmet\\index.cjs:304:3)\n    at internalNext (D:\\Batch 61\\job place working\\Exam Form\\Exam-Form-Backend\\node_modules\\helmet\\index.cjs:529:6)\n    at xPermittedCrossDomainPoliciesMiddleware (D:\\Batch 61\\job place working\\Exam Form\\Exam-Form-Backend\\node_modules\\helmet\\index.cjs:297:3)\n    at internalNext (D:\\Batch 61\\job place working\\Exam Form\\Exam-Form-Backend\\node_modules\\helmet\\index.cjs:529:6)","timestamp":"2026-06-29 23:46:00"}
{"level":"error","message":"Not allowed by CORS","stack":"Error: Not allowed by CORS\n    at origin (D:\\Batch 61\\job place working\\Exam Form\\Exam-Form-Backend\\server.js:60:22)\n    at D:\\Batch 61\\job place working\\Exam Form\\Exam-Form-Backend\\node_modules\\cors\\lib\\index.js:219:13\n    at optionsCallback (D:\\Batch 61\\job place working\\Exam Form\\Exam-Form-Backend\\node_modules\\cors\\lib\\index.js:199:9)\n    at corsMiddleware (D:\\Batch 61\\job place working\\Exam Form\\Exam-Form-Backend\\node_modules\\cors\\lib\\index.js:204:7)\n    at Layer.handleRequest (D:\\Batch 61\\job place working\\Exam Form\\Exam-Form-Backend\\node_modules\\router\\lib\\layer.js:152:17)\n    at trimPrefix (D:\\Batch 61\\job place working\\Exam Form\\Exam-Form-Backend\\node_modules\\router\\index.js:342:13)\n    at D:\\Batch 61\\job place working\\Exam Form\\Exam-Form-Backend\\node_modules\\router\\index.js:297:9\n    at processParams (D:\\Batch 61\\job place working\\Exam Form\\Exam-Form-Backend\\node_modules\\router\\index.js:582:12)\n    at next (D:\\Batch 61\\job place working\\Exam Form\\Exam-Form-Backend\\node_modules\\router\\index.js:291:5)\n    at internalNext (D:\\Batch 61\\job place working\\Exam Form\\Exam-Form-Backend\\node_modules\\helmet\\index.cjs:531:6)\n    at xXssProtectionMiddleware (D:\\Batch 61\\job place working\\Exam Form\\Exam-Form-Backend\\node_modules\\helmet\\index.cjs:311:3)\n    at internalNext (D:\\Batch 61\\job place working\\Exam Form\\Exam-Form-Backend\\node_modules\\helmet\\index.cjs:529:6)\n    at xPoweredByMiddleware (D:\\Batch 61\\job place working\\Exam Form\\Exam-Form-Backend\\node_modules\\helmet\\index.cjs:304:3)\n    at internalNext (D:\\Batch 61\\job place working\\Exam Form\\Exam-Form-Backend\\node_modules\\helmet\\index.cjs:529:6)\n    at xPermittedCrossDomainPoliciesMiddleware (D:\\Batch 61\\job place working\\Exam Form\\Exam-Form-Backend\\node_modules\\helmet\\index.cjs:297:3)\n    at internalNext (D:\\Batch 61\\job place working\\Exam Form\\Exam-Form-Backend\\node_modules\\helmet\\index.cjs:529:6)","timestamp":"2026-06-29 23:48:10"}
{"level":"warn","message":"⚠️ Redis Connection Failed: connect ECONNREFUSED 127.0.0.1:6379. Using In-Memory fallback cache.","timestamp":"2026-06-29 23:48:59"}
{"level":"info","message":"✓ Master Database Connected (hunarmand-prd)","timestamp":"2026-06-29 23:49:00"}
{"level":"info","message":"✓ Primary MongoDB Connected: hunarmand-punjab-shard-00-00.7dbsn.mongodb.net","timestamp":"2026-06-29 23:49:01"}
{"level":"info","message":"✓ Server running on port 5001 in [production] mode","timestamp":"2026-06-29 23:49:01"}
{"level":"info","message":"POST /api/auth/login 200 - 24ms - IP: ::1","timestamp":"2026-06-29 23:49:24"}
{"level":"info","message":"GET /api/candidates?page=1&limit=50&search=&gender=All&city=All&preferredExamCity=All&district=All&tehsil=All&institute=All&batch=All&verification=All&course=All&startDate=&endDate=&sortBy=createdAt&sortOrder=desc&showDeleted=false&slipGenerated=false 200 - 360ms - IP: ::1","timestamp":"2026-06-29 23:49:25"}
{"level":"info","message":"GET /api/candidates/export/jobs 200 - 519ms - IP: ::1","timestamp":"2026-06-29 23:49:26"}
{"level":"info","message":"GET /api/dashboard/stats 200 - 1062ms - IP: ::1","timestamp":"2026-06-29 23:49:26"}
{"level":"info","message":"POST /api/admin-register 201 - 544ms - IP: ::1","timestamp":"2026-06-29 23:52:30"}
{"level":"info","message":"GET /api/dashboard/stats 200 - 6ms - IP: ::1","timestamp":"2026-06-29 23:52:32"}
{"level":"info","message":"GET /api/candidates?page=1&limit=50&search=&gender=All&city=All&preferredExamCity=All&district=All&tehsil=All&institute=All&batch=All&verification=All&course=All&startDate=&endDate=&sortBy=createdAt&sortOrder=desc&showDeleted=false&slipGenerated=false 200 - 392ms - IP: ::1","timestamp":"2026-06-29 23:52:32"}
{"level":"warn","message":"⚠️ Redis Connection Failed: connect ECONNREFUSED 127.0.0.1:6379. Using In-Memory fallback cache.","timestamp":"2026-06-29 23:54:21"}
{"level":"info","message":"✓ Master Database Connected (hunarmand-prd)","timestamp":"2026-06-29 23:54:22"}
{"level":"info","message":"✓ Primary MongoDB Connected: hunarmand-punjab-shard-00-01.7dbsn.mongodb.net","timestamp":"2026-06-29 23:54:22"}
{"level":"info","message":"✓ Server running on port 5001 in [production] mode","timestamp":"2026-06-29 23:54:22"}
